This is XeTeX, Version 3.141592653-2.6-0.999995 (TeX Live 2023) (preloaded format=xelatex 2024.2.21)  26 JUN 2024 18:12
entering extended mode
 restricted \write18 enabled.
 %&-line parsing enabled.
**TD2023.tex
(./TD2023.tex
LaTeX2e <2023-11-01> patch level 1
L3 programming layer <2024-02-20>
(c:/Users/Admin/AppData/Roaming/TinyTeX/texmf-dist/tex/latex/base/book.cls
Document Class: book 2023/05/17 v1.4n Standard LaTeX document class
(c:/Users/Admin/AppData/Roaming/TinyTeX/texmf-dist/tex/latex/base/bk10.clo
File: bk10.clo 2023/05/17 v1.4n Standard LaTeX file (size option)
)
\c@part=\count184
\c@chapter=\count185
\c@section=\count186
\c@subsection=\count187
\c@subsubsection=\count188
\c@paragraph=\count189
\c@subparagraph=\count190
\c@figure=\count191
\c@table=\count192
\abovecaptionskip=\skip48
\belowcaptionskip=\skip49
\bibindent=\dimen140
) (c:/Users/Admin/AppData/Roaming/TinyTeX/texmf-dist/tex/latex/amsmath/amsmath.sty
Package: amsmath 2023/05/13 v2.17o AMS math features
\@mathmargin=\skip50
For additional information on amsmath, use the `?' option.
(c:/Users/Admin/AppData/Roaming/TinyTeX/texmf-dist/tex/latex/amsmath/amstext.sty
Package: amstext 2021/08/26 v2.01 AMS text
(c:/Users/Admin/AppData/Roaming/TinyTeX/texmf-dist/tex/latex/amsmath/amsgen.sty
File: amsgen.sty 1999/11/30 v2.0 generic functions
\@emptytoks=\toks17
\ex@=\dimen141
)) (c:/Users/Admin/AppData/Roaming/TinyTeX/texmf-dist/tex/latex/amsmath/amsbsy.sty
Package: amsbsy 1999/11/29 v1.2d Bold Symbols
\pmbraise@=\dimen142
) (c:/Users/Admin/AppData/Roaming/TinyTeX/texmf-dist/tex/latex/amsmath/amsopn.sty
Package: amsopn 2022/04/08 v2.04 operator names
)
\inf@bad=\count193
LaTeX Info: Redefining \frac on input line 234.
\uproot@=\count194
\leftroot@=\count195
LaTeX Info: Redefining \overline on input line 399.
LaTeX Info: Redefining \colon on input line 410.
\classnum@=\count196
\DOTSCASE@=\count197
LaTeX Info: Redefining \ldots on input line 496.
LaTeX Info: Redefining \dots on input line 499.
LaTeX Info: Redefining \cdots on input line 620.
\Mathstrutbox@=\box51
\strutbox@=\box52
LaTeX Info: Redefining \big on input line 722.
LaTeX Info: Redefining \Big on input line 723.
LaTeX Info: Redefining \bigg on input line 724.
LaTeX Info: Redefining \Bigg on input line 725.
\big@size=\dimen143
LaTeX Font Info:    Redeclaring font encoding OML on input line 743.
LaTeX Font Info:    Redeclaring font encoding OMS on input line 744.
\macc@depth=\count198
LaTeX Info: Redefining \bmod on input line 905.
LaTeX Info: Redefining \pmod on input line 910.
LaTeX Info: Redefining \smash on input line 940.
LaTeX Info: Redefining \relbar on input line 970.
LaTeX Info: Redefining \Relbar on input line 971.
\c@MaxMatrixCols=\count199
\dotsspace@=\muskip16
\c@parentequation=\count266
\dspbrk@lvl=\count267
\tag@help=\toks18
\row@=\count268
\column@=\count269
\maxfields@=\count270
\andhelp@=\toks19
\eqnshift@=\dimen144
\alignsep@=\dimen145
\tagshift@=\dimen146
\tagwidth@=\dimen147
\totwidth@=\dimen148
\lineht@=\dimen149
\@envbody=\toks20
\multlinegap=\skip51
\multlinetaggap=\skip52
\mathdisplay@stack=\toks21
LaTeX Info: Redefining \[ on input line 2953.
LaTeX Info: Redefining \] on input line 2954.
) (c:/Users/Admin/AppData/Roaming/TinyTeX/texmf-dist/tex/latex/amsfonts/amssymb.sty
Package: amssymb 2013/01/14 v3.01 AMS font symbols
(c:/Users/Admin/AppData/Roaming/TinyTeX/texmf-dist/tex/latex/amsfonts/amsfonts.sty
Package: amsfonts 2013/01/14 v3.01 Basic AMSFonts support
\symAMSa=\mathgroup4
\symAMSb=\mathgroup5
LaTeX Font Info:    Redeclaring math symbol \hbar on input line 98.
LaTeX Font Info:    Overwriting math alphabet `\mathfrak' in version `bold'
(Font)                  U/euf/m/n --> U/euf/b/n on input line 106.
)) (c:/Users/Admin/AppData/Roaming/TinyTeX/texmf-dist/tex/generic/iftex/iftex.sty
Package: iftex 2022/02/03 v1.0f TeX engine tests
) (c:/Users/Admin/AppData/Roaming/TinyTeX/texmf-dist/tex/latex/unicode-math/unicode-math.sty (c:/Users/Admin/AppData/Roaming/TinyTeX/texmf-dist/tex/latex/l3kernel/expl3.sty
Package: expl3 2024-02-20 L3 programming layer (loader) 
(c:/Users/Admin/AppData/Roaming/TinyTeX/texmf-dist/tex/latex/l3backend/l3backend-xetex.def
File: l3backend-xetex.def 2024-02-20 L3 backend support: XeTeX
\g__graphics_track_int=\count271
\l__pdf_internal_box=\box53
\g__pdf_backend_object_int=\count272
\g__pdf_backend_annotation_int=\count273
\g__pdf_backend_link_int=\count274
))
Package: unicode-math 2023/08/13 v0.8r Unicode maths in XeLaTeX and LuaLaTeX
(c:/Users/Admin/AppData/Roaming/TinyTeX/texmf-dist/tex/latex/unicode-math/unicode-math-xetex.sty
Package: unicode-math-xetex 2023/08/13 v0.8r Unicode maths in XeLaTeX and LuaLaTeX
(c:/Users/Admin/AppData/Roaming/TinyTeX/texmf-dist/tex/latex/l3packages/xparse/xparse.sty
Package: xparse 2024-02-18 L3 Experimental document command parser
) (c:/Users/Admin/AppData/Roaming/TinyTeX/texmf-dist/tex/latex/l3packages/l3keys2e/l3keys2e.sty
Package: l3keys2e 2024-02-18 LaTeX2e option processing using LaTeX3 keys
) (c:/Users/Admin/AppData/Roaming/TinyTeX/texmf-dist/tex/latex/fontspec/fontspec.sty
Package: fontspec 2024/02/13 v2.9a Font selection for XeLaTeX and LuaLaTeX
(c:/Users/Admin/AppData/Roaming/TinyTeX/texmf-dist/tex/latex/fontspec/fontspec-xetex.sty
Package: fontspec-xetex 2024/02/13 v2.9a Font selection for XeLaTeX and LuaLaTeX
\l__fontspec_script_int=\count275
\l__fontspec_language_int=\count276
\l__fontspec_strnum_int=\count277
\l__fontspec_tmp_int=\count278
\l__fontspec_tmpa_int=\count279
\l__fontspec_tmpb_int=\count280
\l__fontspec_tmpc_int=\count281
\l__fontspec_em_int=\count282
\l__fontspec_emdef_int=\count283
\l__fontspec_strong_int=\count284
\l__fontspec_strongdef_int=\count285
\l__fontspec_tmpa_dim=\dimen150
\l__fontspec_tmpb_dim=\dimen151
\l__fontspec_tmpc_dim=\dimen152
(c:/Users/Admin/AppData/Roaming/TinyTeX/texmf-dist/tex/latex/base/fontenc.sty
Package: fontenc 2021/04/29 v2.0v Standard LaTeX package
) (c:/Users/Admin/AppData/Roaming/TinyTeX/texmf-dist/tex/latex/fontspec/fontspec.cfg))) (c:/Users/Admin/AppData/Roaming/TinyTeX/texmf-dist/tex/latex/base/fix-cm.sty
Package: fix-cm 2020/11/24 v1.1t fixes to LaTeX
(c:/Users/Admin/AppData/Roaming/TinyTeX/texmf-dist/tex/latex/base/ts1enc.def
File: ts1enc.def 2001/06/05 v3.0e (jk/car/fm) Standard LaTeX file
LaTeX Font Info:    Redeclaring font encoding TS1 on input line 47.
))
\g__um_fam_int=\count286
\g__um_fonts_used_int=\count287
\l__um_primecount_int=\count288
\g__um_primekern_muskip=\muskip17
(c:/Users/Admin/AppData/Roaming/TinyTeX/texmf-dist/tex/latex/unicode-math/unicode-math-table.tex))) (c:/Users/Admin/AppData/Roaming/TinyTeX/texmf-dist/tex/latex/lm/lmodern.sty
Package: lmodern 2015/05/01 v1.6.1 Latin Modern Fonts
LaTeX Font Info:    Overwriting symbol font `operators' in version `normal'
(Font)                  OT1/cmr/m/n --> OT1/lmr/m/n on input line 22.
LaTeX Font Info:    Overwriting symbol font `letters' in version `normal'
(Font)                  OML/cmm/m/it --> OML/lmm/m/it on input line 23.
LaTeX Font Info:    Overwriting symbol font `symbols' in version `normal'
(Font)                  OMS/cmsy/m/n --> OMS/lmsy/m/n on input line 24.
LaTeX Font Info:    Overwriting symbol font `largesymbols' in version `normal'
(Font)                  OMX/cmex/m/n --> OMX/lmex/m/n on input line 25.
LaTeX Font Info:    Overwriting symbol font `operators' in version `bold'
(Font)                  OT1/cmr/bx/n --> OT1/lmr/bx/n on input line 26.
LaTeX Font Info:    Overwriting symbol font `letters' in version `bold'
(Font)                  OML/cmm/b/it --> OML/lmm/b/it on input line 27.
LaTeX Font Info:    Overwriting symbol font `symbols' in version `bold'
(Font)                  OMS/cmsy/b/n --> OMS/lmsy/b/n on input line 28.
LaTeX Font Info:    Overwriting symbol font `largesymbols' in version `bold'
(Font)                  OMX/cmex/m/n --> OMX/lmex/m/n on input line 29.
LaTeX Font Info:    Overwriting math alphabet `\mathbf' in version `normal'
(Font)                  OT1/cmr/bx/n --> OT1/lmr/bx/n on input line 31.
LaTeX Font Info:    Overwriting math alphabet `\mathsf' in version `normal'
(Font)                  OT1/cmss/m/n --> OT1/lmss/m/n on input line 32.
LaTeX Font Info:    Overwriting math alphabet `\mathit' in version `normal'
(Font)                  OT1/cmr/m/it --> OT1/lmr/m/it on input line 33.
LaTeX Font Info:    Overwriting math alphabet `\mathtt' in version `normal'
(Font)                  OT1/cmtt/m/n --> OT1/lmtt/m/n on input line 34.
LaTeX Font Info:    Overwriting math alphabet `\mathbf' in version `bold'
(Font)                  OT1/cmr/bx/n --> OT1/lmr/bx/n on input line 35.
LaTeX Font Info:    Overwriting math alphabet `\mathsf' in version `bold'
(Font)                  OT1/cmss/bx/n --> OT1/lmss/bx/n on input line 36.
LaTeX Font Info:    Overwriting math alphabet `\mathit' in version `bold'
(Font)                  OT1/cmr/bx/it --> OT1/lmr/bx/it on input line 37.
LaTeX Font Info:    Overwriting math alphabet `\mathtt' in version `bold'
(Font)                  OT1/cmtt/m/n --> OT1/lmtt/m/n on input line 38.
) (c:/Users/Admin/AppData/Roaming/TinyTeX/texmf-dist/tex/latex/microtype/microtype.sty
Package: microtype 2023/03/13 v3.1a Micro-typographical refinements (RS)
(c:/Users/Admin/AppData/Roaming/TinyTeX/texmf-dist/tex/latex/graphics/keyval.sty
Package: keyval 2022/05/29 v1.15 key=value parser (DPC)
\KV@toks@=\toks22
) (c:/Users/Admin/AppData/Roaming/TinyTeX/texmf-dist/tex/latex/etoolbox/etoolbox.sty
Package: etoolbox 2020/10/05 v2.5k e-TeX tools for LaTeX (JAW)
\etb@tempcnta=\count289
)
\MT@toks=\toks23
\MT@tempbox=\box54
\MT@count=\count290
LaTeX Info: Redefining \noprotrusionifhmode on input line 1059.
LaTeX Info: Redefining \leftprotrusion on input line 1060.
\MT@prot@toks=\toks24
LaTeX Info: Redefining \rightprotrusion on input line 1078.
LaTeX Info: Redefining \textls on input line 1368.
\MT@outer@kern=\dimen153
LaTeX Info: Redefining \textmicrotypecontext on input line 1988.
\MT@listname@count=\count291
(c:/Users/Admin/AppData/Roaming/TinyTeX/texmf-dist/tex/latex/microtype/microtype-xetex.def
File: microtype-xetex.def 2023/03/13 v3.1a Definitions specific to xetex (RS)
LaTeX Info: Redefining \lsstyle on input line 238.
)
Package microtype Info: Loading configuration file microtype.cfg.
(c:/Users/Admin/AppData/Roaming/TinyTeX/texmf-dist/tex/latex/microtype/microtype.cfg
File: microtype.cfg 2023/03/13 v3.1a microtype main configuration file (RS)
)) (c:/Users/Admin/AppData/Roaming/TinyTeX/texmf-dist/tex/latex/xcolor/xcolor.sty
Package: xcolor 2023/11/15 v3.01 LaTeX color extensions (UK)
(c:/Users/Admin/AppData/Roaming/TinyTeX/texmf-dist/tex/latex/graphics-cfg/color.cfg
File: color.cfg 2016/01/02 v1.6 sample color configuration
)
Package xcolor Info: Driver file: xetex.def on input line 274.
(c:/Users/Admin/AppData/Roaming/TinyTeX/texmf-dist/tex/latex/graphics-def/xetex.def
File: xetex.def 2022/09/22 v5.0n Graphics/color driver for xetex
) (c:/Users/Admin/AppData/Roaming/TinyTeX/texmf-dist/tex/latex/graphics/mathcolor.ltx)
Package xcolor Info: Model `cmy' substituted by `cmy0' on input line 1350.
Package xcolor Info: Model `RGB' extended on input line 1366.
Package xcolor Info: Model `HTML' substituted by `rgb' on input line 1368.
Package xcolor Info: Model `Hsb' substituted by `hsb' on input line 1369.
Package xcolor Info: Model `tHsb' substituted by `hsb' on input line 1370.
Package xcolor Info: Model `HSB' substituted by `hsb' on input line 1371.
Package xcolor Info: Model `Gray' substituted by `gray' on input line 1372.
Package xcolor Info: Model `wave' substituted by `hsb' on input line 1373.
) (c:/Users/Admin/AppData/Roaming/TinyTeX/texmf-dist/tex/latex/graphics/dvipsnam.def
File: dvipsnam.def 2016/06/17 v3.0m Driver-dependent file (DPC,SPQR)
) (c:/Users/Admin/AppData/Roaming/TinyTeX/texmf-dist/tex/latex/xcolor/svgnam.def
File: svgnam.def 2023/11/15 v3.01 Predefined colors according to SVG 1.1 (UK)
) (c:/Users/Admin/AppData/Roaming/TinyTeX/texmf-dist/tex/latex/xcolor/x11nam.def
File: x11nam.def 2023/11/15 v3.01 Predefined colors according to Unix/X11 (UK)
) (c:/Users/Admin/AppData/Roaming/TinyTeX/texmf-dist/tex/latex/tools/longtable.sty
Package: longtable 2023-11-01 v4.19 Multi-page Table package (DPC)
\LTleft=\skip53
\LTright=\skip54
\LTpre=\skip55
\LTpost=\skip56
\LTchunksize=\count292
\LTcapwidth=\dimen154
\LT@head=\box55
\LT@firsthead=\box56
\LT@foot=\box57
\LT@lastfoot=\box58
\LT@gbox=\box59
\LT@cols=\count293
\LT@rows=\count294
\c@LT@tables=\count295
\c@LT@chunks=\count296
\LT@p@ftn=\toks25
) (c:/Users/Admin/AppData/Roaming/TinyTeX/texmf-dist/tex/latex/booktabs/booktabs.sty
Package: booktabs 2020/01/12 v1.61803398 Publication quality tables
\heavyrulewidth=\dimen155
\lightrulewidth=\dimen156
\cmidrulewidth=\dimen157
\belowrulesep=\dimen158
\belowbottomsep=\dimen159
\aboverulesep=\dimen160
\abovetopsep=\dimen161
\cmidrulesep=\dimen162
\cmidrulekern=\dimen163
\defaultaddspace=\dimen164
\@cmidla=\count297
\@cmidlb=\count298
\@aboverulesep=\dimen165
\@belowrulesep=\dimen166
\@thisruleclass=\count299
\@lastruleclass=\count300
\@thisrulewidth=\dimen167
) (c:/Users/Admin/AppData/Roaming/TinyTeX/texmf-dist/tex/latex/tools/array.sty
Package: array 2023/10/16 v2.5g Tabular extension package (FMi)
\col@sep=\dimen168
\ar@mcellbox=\box60
\extrarowheight=\dimen169
\NC@list=\toks26
\extratabsurround=\skip57
\backup@length=\skip58
\ar@cellbox=\box61
) (c:/Users/Admin/AppData/Roaming/TinyTeX/texmf-dist/tex/latex/tools/calc.sty
Package: calc 2023/07/08 v4.3 Infix arithmetic (KKT,FJ)
\calc@Acount=\count301
\calc@Bcount=\count302
\calc@Adimen=\dimen170
\calc@Bdimen=\dimen171
\calc@Askip=\skip59
\calc@Bskip=\skip60
LaTeX Info: Redefining \setlength on input line 80.
LaTeX Info: Redefining \addtolength on input line 81.
\calc@Ccount=\count303
\calc@Cskip=\skip61
) (c:/Users/Admin/AppData/Roaming/TinyTeX/texmf-dist/tex/latex/mdwtools/footnote.sty
Package: footnote 1997/01/28 1.13 Save footnotes around boxes
\fn@notes=\box62
\fn@width=\dimen172
) (c:/Users/Admin/AppData/Roaming/TinyTeX/texmf-dist/tex/latex/graphics/graphicx.sty
Package: graphicx 2021/09/16 v1.2d Enhanced LaTeX Graphics (DPC,SPQR)
(c:/Users/Admin/AppData/Roaming/TinyTeX/texmf-dist/tex/latex/graphics/graphics.sty
Package: graphics 2022/03/10 v1.4e Standard LaTeX Graphics (DPC,SPQR)
(c:/Users/Admin/AppData/Roaming/TinyTeX/texmf-dist/tex/latex/graphics/trig.sty
Package: trig 2021/08/11 v1.11 sin cos tan (DPC)
) (c:/Users/Admin/AppData/Roaming/TinyTeX/texmf-dist/tex/latex/graphics-cfg/graphics.cfg
File: graphics.cfg 2016/06/04 v1.11 sample graphics configuration
)
Package graphics Info: Driver file: xetex.def on input line 107.
)
\Gin@req@height=\dimen173
\Gin@req@width=\dimen174
) (c:/Users/Admin/AppData/Roaming/TinyTeX/texmf-dist/tex/latex/amscls/amsthm.sty
Package: amsthm 2020/05/29 v2.20.6
\thm@style=\toks27
\thm@bodyfont=\toks28
\thm@headfont=\toks29
\thm@notefont=\toks30
\thm@headpunct=\toks31
\thm@preskip=\skip62
\thm@postskip=\skip63
\thm@headsep=\skip64
\dth@everypar=\toks32
) (c:/Users/Admin/AppData/Roaming/TinyTeX/texmf-dist/tex/latex/placeins/placeins.sty
Package: placeins 2005/04/18  v 2.2
) (c:/Users/Admin/AppData/Roaming/TinyTeX/texmf-dist/tex/latex/adjustbox/adjustbox.sty
Package: adjustbox 2022/10/17 v1.3a Adjusting TeX boxes (trim, clip, ...)
(c:/Users/Admin/AppData/Roaming/TinyTeX/texmf-dist/tex/latex/xkeyval/xkeyval.sty
Package: xkeyval 2022/06/16 v2.9 package option processing (HA)
(c:/Users/Admin/AppData/Roaming/TinyTeX/texmf-dist/tex/generic/xkeyval/xkeyval.tex (c:/Users/Admin/AppData/Roaming/TinyTeX/texmf-dist/tex/generic/xkeyval/xkvutils.tex
\XKV@toks=\toks33
\XKV@tempa@toks=\toks34
)
\XKV@depth=\count304
File: xkeyval.tex 2014/12/03 v2.7a key=value parser (HA)
)) (c:/Users/Admin/AppData/Roaming/TinyTeX/texmf-dist/tex/latex/adjustbox/adjcalc.sty
Package: adjcalc 2012/05/16 v1.1 Provides advanced setlength with multiple back-ends (calc, etex, pgfmath)
) (c:/Users/Admin/AppData/Roaming/TinyTeX/texmf-dist/tex/latex/adjustbox/trimclip.sty
Package: trimclip 2020/08/19 v1.2 Trim and clip general TeX material
(c:/Users/Admin/AppData/Roaming/TinyTeX/texmf-dist/tex/latex/collectbox/collectbox.sty
Package: collectbox 2022/10/17 v0.4c Collect macro arguments as boxes
\collectedbox=\box63
)
\tc@llx=\dimen175
\tc@lly=\dimen176
\tc@urx=\dimen177
\tc@ury=\dimen178
Package trimclip Info: Using driver 'tc-xetex.def'.
(c:/Users/Admin/AppData/Roaming/TinyTeX/texmf-dist/tex/latex/adjustbox/tc-xetex.def
File: tc-xetex.def 2019/01/04 v2.2 Clipping driver for xetex
))
\adjbox@Width=\dimen179
\adjbox@Height=\dimen180
\adjbox@Depth=\dimen181
\adjbox@Totalheight=\dimen182
\adjbox@pwidth=\dimen183
\adjbox@pheight=\dimen184
\adjbox@pdepth=\dimen185
\adjbox@ptotalheight=\dimen186
(c:/Users/Admin/AppData/Roaming/TinyTeX/texmf-dist/tex/latex/varwidth/varwidth.sty
Package: varwidth 2009/03/30 ver 0.92;  Variable-width minipages
\@vwid@box=\box64
\sift@deathcycles=\count305
\@vwid@loff=\dimen187
\@vwid@roff=\dimen188
)) (c:/Users/Admin/AppData/Roaming/TinyTeX/texmf-dist/tex/latex/awesomebox/awesomebox.sty
Package: awesomebox 2019/07/27 v0.6
(c:/Users/Admin/AppData/Roaming/TinyTeX/texmf-dist/tex/latex/fontawesome5/fontawesome5.sty
Package: fontawesome5 2022/05/02 v5.15.4 Font Awesome 5
(c:/Users/Admin/AppData/Roaming/TinyTeX/texmf-dist/tex/latex/fontawesome5/fontawesome5-utex-helper.sty
Package: fontawesome5-utex-helper 2022/05/02 v5.15.4 uTeX helper for fontawesome5
LaTeX Font Info:    Trying to load font information for TU+fontawesomefree on input line 69.
(c:/Users/Admin/AppData/Roaming/TinyTeX/texmf-dist/tex/latex/fontawesome5/tufontawesomefree.fd)
LaTeX Font Info:    Trying to load font information for TU+fontawesomebrands on input line 70.
(c:/Users/Admin/AppData/Roaming/TinyTeX/texmf-dist/tex/latex/fontawesome5/tufontawesomebrands.fd)))
\aweboxleftmargin=\skip65
\aweboxcontentwidth=\skip66
\aweboxvskip=\skip67
\aweboxsignraise=\skip68
\aweboxrulewidth=\skip69
(c:/Users/Admin/AppData/Roaming/TinyTeX/texmf-dist/tex/latex/base/ifthen.sty
Package: ifthen 2022/04/13 v1.1d Standard LaTeX ifthen package (DPC)
)
\aweboxlinewidthvar=\skip70
\aweboxlinewidthref=\skip71
) (c:/Users/Admin/AppData/Roaming/TinyTeX/texmf-dist/tex/latex/framed/framed.sty
Package: framed 2011/10/22 v 0.96: framed or shaded text with page breaks
\OuterFrameSep=\skip72
\fb@frw=\dimen189
\fb@frh=\dimen190
\FrameRule=\dimen191
\FrameSep=\dimen192
) (c:/Users/Admin/AppData/Roaming/TinyTeX/texmf-dist/tex/latex/tcolorbox/tcolorbox.sty
Package: tcolorbox 2024/01/10 version 6.2.0 text color boxes
(c:/Users/Admin/AppData/Roaming/TinyTeX/texmf-dist/tex/latex/pgf/basiclayer/pgf.sty (c:/Users/Admin/AppData/Roaming/TinyTeX/texmf-dist/tex/latex/pgf/utilities/pgfrcs.sty (c:/Users/Admin/AppData/Roaming/TinyTeX/texmf-dist/tex/generic/pgf/utilities/pgfutil-common.tex
\pgfutil@everybye=\toks35
\pgfutil@tempdima=\dimen193
\pgfutil@tempdimb=\dimen194
) (c:/Users/Admin/AppData/Roaming/TinyTeX/texmf-dist/tex/generic/pgf/utilities/pgfutil-latex.def
\pgfutil@abb=\box65
) (c:/Users/Admin/AppData/Roaming/TinyTeX/texmf-dist/tex/generic/pgf/utilities/pgfrcs.code.tex (c:/Users/Admin/AppData/Roaming/TinyTeX/texmf-dist/tex/generic/pgf/pgf.revision.tex)
Package: pgfrcs 2023-01-15 v3.1.10 (3.1.10)
))
Package: pgf 2023-01-15 v3.1.10 (3.1.10)
(c:/Users/Admin/AppData/Roaming/TinyTeX/texmf-dist/tex/latex/pgf/basiclayer/pgfcore.sty (c:/Users/Admin/AppData/Roaming/TinyTeX/texmf-dist/tex/latex/pgf/systemlayer/pgfsys.sty (c:/Users/Admin/AppData/Roaming/TinyTeX/texmf-dist/tex/generic/pgf/systemlayer/pgfsys.code.tex
Package: pgfsys 2023-01-15 v3.1.10 (3.1.10)
(c:/Users/Admin/AppData/Roaming/TinyTeX/texmf-dist/tex/generic/pgf/utilities/pgfkeys.code.tex
\pgfkeys@pathtoks=\toks36
\pgfkeys@temptoks=\toks37
(c:/Users/Admin/AppData/Roaming/TinyTeX/texmf-dist/tex/generic/pgf/utilities/pgfkeyslibraryfiltered.code.tex
\pgfkeys@tmptoks=\toks38
))
\pgf@x=\dimen195
\pgf@y=\dimen196
\pgf@xa=\dimen197
\pgf@ya=\dimen198
\pgf@xb=\dimen199
\pgf@yb=\dimen256
\pgf@xc=\dimen257
\pgf@yc=\dimen258
\pgf@xd=\dimen259
\pgf@yd=\dimen260
\w@pgf@writea=\write3
\r@pgf@reada=\read2
\c@pgf@counta=\count306
\c@pgf@countb=\count307
\c@pgf@countc=\count308
\c@pgf@countd=\count309
\t@pgf@toka=\toks39
\t@pgf@tokb=\toks40
\t@pgf@tokc=\toks41
\pgf@sys@id@count=\count310
(c:/Users/Admin/AppData/Roaming/TinyTeX/texmf-dist/tex/generic/pgf/systemlayer/pgf.cfg
File: pgf.cfg 2023-01-15 v3.1.10 (3.1.10)
)
Driver file for pgf: pgfsys-xetex.def
(c:/Users/Admin/AppData/Roaming/TinyTeX/texmf-dist/tex/generic/pgf/systemlayer/pgfsys-xetex.def
File: pgfsys-xetex.def 2023-01-15 v3.1.10 (3.1.10)
(c:/Users/Admin/AppData/Roaming/TinyTeX/texmf-dist/tex/generic/pgf/systemlayer/pgfsys-dvipdfmx.def
File: pgfsys-dvipdfmx.def 2023-01-15 v3.1.10 (3.1.10)
(c:/Users/Admin/AppData/Roaming/TinyTeX/texmf-dist/tex/generic/pgf/systemlayer/pgfsys-common-pdf.def
File: pgfsys-common-pdf.def 2023-01-15 v3.1.10 (3.1.10)
)
\pgfsys@objnum=\count311
))) (c:/Users/Admin/AppData/Roaming/TinyTeX/texmf-dist/tex/generic/pgf/systemlayer/pgfsyssoftpath.code.tex
File: pgfsyssoftpath.code.tex 2023-01-15 v3.1.10 (3.1.10)
\pgfsyssoftpath@smallbuffer@items=\count312
\pgfsyssoftpath@bigbuffer@items=\count313
) (c:/Users/Admin/AppData/Roaming/TinyTeX/texmf-dist/tex/generic/pgf/systemlayer/pgfsysprotocol.code.tex
File: pgfsysprotocol.code.tex 2023-01-15 v3.1.10 (3.1.10)
)) (c:/Users/Admin/AppData/Roaming/TinyTeX/texmf-dist/tex/generic/pgf/basiclayer/pgfcore.code.tex
Package: pgfcore 2023-01-15 v3.1.10 (3.1.10)
(c:/Users/Admin/AppData/Roaming/TinyTeX/texmf-dist/tex/generic/pgf/math/pgfmath.code.tex (c:/Users/Admin/AppData/Roaming/TinyTeX/texmf-dist/tex/generic/pgf/math/pgfmathutil.code.tex) (c:/Users/Admin/AppData/Roaming/TinyTeX/texmf-dist/tex/generic/pgf/math/pgfmathparser.code.tex
\pgfmath@dimen=\dimen261
\pgfmath@count=\count314
\pgfmath@box=\box66
\pgfmath@toks=\toks42
\pgfmath@stack@operand=\toks43
\pgfmath@stack@operation=\toks44
) (c:/Users/Admin/AppData/Roaming/TinyTeX/texmf-dist/tex/generic/pgf/math/pgfmathfunctions.code.tex) (c:/Users/Admin/AppData/Roaming/TinyTeX/texmf-dist/tex/generic/pgf/math/pgfmathfunctions.basic.code.tex) (c:/Users/Admin/AppData/Roaming/TinyTeX/texmf-dist/tex/generic/pgf/math/pgfmathfunctions.trigonometric.code.tex) (c:/Users/Admin/AppData/Roaming/TinyTeX/texmf-dist/tex/generic/pgf/math/pgfmathfunctions.random.code.tex) (c:/Users/Admin/AppData/Roaming/TinyTeX/texmf-dist/tex/generic/pgf/math/pgfmathfunctions.comparison.code.tex) (c:/Users/Admin/AppData/Roaming/TinyTeX/texmf-dist/tex/generic/pgf/math/pgfmathfunctions.base.code.tex) (c:/Users/Admin/AppData/Roaming/TinyTeX/texmf-dist/tex/generic/pgf/math/pgfmathfunctions.round.code.tex) (c:/Users/Admin/AppData/Roaming/TinyTeX/texmf-dist/tex/generic/pgf/math/pgfmathfunctions.misc.code.tex) (c:/Users/Admin/AppData/Roaming/TinyTeX/texmf-dist/tex/generic/pgf/math/pgfmathfunctions.integerarithmetics.code.tex) (c:/Users/Admin/AppData/Roaming/TinyTeX/texmf-dist/tex/generic/pgf/math/pgfmathcalc.code.tex) (c:/Users/Admin/AppData/Roaming/TinyTeX/texmf-dist/tex/generic/pgf/math/pgfmathfloat.code.tex
\c@pgfmathroundto@lastzeros=\count315
)) (c:/Users/Admin/AppData/Roaming/TinyTeX/texmf-dist/tex/generic/pgf/math/pgfint.code.tex) (c:/Users/Admin/AppData/Roaming/TinyTeX/texmf-dist/tex/generic/pgf/basiclayer/pgfcorepoints.code.tex
File: pgfcorepoints.code.tex 2023-01-15 v3.1.10 (3.1.10)
\pgf@picminx=\dimen262
\pgf@picmaxx=\dimen263
\pgf@picminy=\dimen264
\pgf@picmaxy=\dimen265
\pgf@pathminx=\dimen266
\pgf@pathmaxx=\dimen267
\pgf@pathminy=\dimen268
\pgf@pathmaxy=\dimen269
\pgf@xx=\dimen270
\pgf@xy=\dimen271
\pgf@yx=\dimen272
\pgf@yy=\dimen273
\pgf@zx=\dimen274
\pgf@zy=\dimen275
) (c:/Users/Admin/AppData/Roaming/TinyTeX/texmf-dist/tex/generic/pgf/basiclayer/pgfcorepathconstruct.code.tex
File: pgfcorepathconstruct.code.tex 2023-01-15 v3.1.10 (3.1.10)
\pgf@path@lastx=\dimen276
\pgf@path@lasty=\dimen277
) (c:/Users/Admin/AppData/Roaming/TinyTeX/texmf-dist/tex/generic/pgf/basiclayer/pgfcorepathusage.code.tex
File: pgfcorepathusage.code.tex 2023-01-15 v3.1.10 (3.1.10)
\pgf@shorten@end@additional=\dimen278
\pgf@shorten@start@additional=\dimen279
) (c:/Users/Admin/AppData/Roaming/TinyTeX/texmf-dist/tex/generic/pgf/basiclayer/pgfcorescopes.code.tex
File: pgfcorescopes.code.tex 2023-01-15 v3.1.10 (3.1.10)
\pgfpic=\box67
\pgf@hbox=\box68
\pgf@layerbox@main=\box69
\pgf@picture@serial@count=\count316
) (c:/Users/Admin/AppData/Roaming/TinyTeX/texmf-dist/tex/generic/pgf/basiclayer/pgfcoregraphicstate.code.tex
File: pgfcoregraphicstate.code.tex 2023-01-15 v3.1.10 (3.1.10)
\pgflinewidth=\dimen280
) (c:/Users/Admin/AppData/Roaming/TinyTeX/texmf-dist/tex/generic/pgf/basiclayer/pgfcoretransformations.code.tex
File: pgfcoretransformations.code.tex 2023-01-15 v3.1.10 (3.1.10)
\pgf@pt@x=\dimen281
\pgf@pt@y=\dimen282
\pgf@pt@temp=\dimen283
) (c:/Users/Admin/AppData/Roaming/TinyTeX/texmf-dist/tex/generic/pgf/basiclayer/pgfcorequick.code.tex
File: pgfcorequick.code.tex 2023-01-15 v3.1.10 (3.1.10)
) (c:/Users/Admin/AppData/Roaming/TinyTeX/texmf-dist/tex/generic/pgf/basiclayer/pgfcoreobjects.code.tex
File: pgfcoreobjects.code.tex 2023-01-15 v3.1.10 (3.1.10)
) (c:/Users/Admin/AppData/Roaming/TinyTeX/texmf-dist/tex/generic/pgf/basiclayer/pgfcorepathprocessing.code.tex
File: pgfcorepathprocessing.code.tex 2023-01-15 v3.1.10 (3.1.10)
) (c:/Users/Admin/AppData/Roaming/TinyTeX/texmf-dist/tex/generic/pgf/basiclayer/pgfcorearrows.code.tex
File: pgfcorearrows.code.tex 2023-01-15 v3.1.10 (3.1.10)
\pgfarrowsep=\dimen284
) (c:/Users/Admin/AppData/Roaming/TinyTeX/texmf-dist/tex/generic/pgf/basiclayer/pgfcoreshade.code.tex
File: pgfcoreshade.code.tex 2023-01-15 v3.1.10 (3.1.10)
\pgf@max=\dimen285
\pgf@sys@shading@range@num=\count317
\pgf@shadingcount=\count318
) (c:/Users/Admin/AppData/Roaming/TinyTeX/texmf-dist/tex/generic/pgf/basiclayer/pgfcoreimage.code.tex
File: pgfcoreimage.code.tex 2023-01-15 v3.1.10 (3.1.10)
) (c:/Users/Admin/AppData/Roaming/TinyTeX/texmf-dist/tex/generic/pgf/basiclayer/pgfcoreexternal.code.tex
File: pgfcoreexternal.code.tex 2023-01-15 v3.1.10 (3.1.10)
\pgfexternal@startupbox=\box70
) (c:/Users/Admin/AppData/Roaming/TinyTeX/texmf-dist/tex/generic/pgf/basiclayer/pgfcorelayers.code.tex
File: pgfcorelayers.code.tex 2023-01-15 v3.1.10 (3.1.10)
) (c:/Users/Admin/AppData/Roaming/TinyTeX/texmf-dist/tex/generic/pgf/basiclayer/pgfcoretransparency.code.tex
File: pgfcoretransparency.code.tex 2023-01-15 v3.1.10 (3.1.10)
) (c:/Users/Admin/AppData/Roaming/TinyTeX/texmf-dist/tex/generic/pgf/basiclayer/pgfcorepatterns.code.tex
File: pgfcorepatterns.code.tex 2023-01-15 v3.1.10 (3.1.10)
) (c:/Users/Admin/AppData/Roaming/TinyTeX/texmf-dist/tex/generic/pgf/basiclayer/pgfcorerdf.code.tex
File: pgfcorerdf.code.tex 2023-01-15 v3.1.10 (3.1.10)
))) (c:/Users/Admin/AppData/Roaming/TinyTeX/texmf-dist/tex/generic/pgf/modules/pgfmoduleshapes.code.tex
File: pgfmoduleshapes.code.tex 2023-01-15 v3.1.10 (3.1.10)
\pgfnodeparttextbox=\box71
) (c:/Users/Admin/AppData/Roaming/TinyTeX/texmf-dist/tex/generic/pgf/modules/pgfmoduleplot.code.tex
File: pgfmoduleplot.code.tex 2023-01-15 v3.1.10 (3.1.10)
) (c:/Users/Admin/AppData/Roaming/TinyTeX/texmf-dist/tex/latex/pgf/compatibility/pgfcomp-version-0-65.sty
Package: pgfcomp-version-0-65 2023-01-15 v3.1.10 (3.1.10)
\pgf@nodesepstart=\dimen286
\pgf@nodesepend=\dimen287
) (c:/Users/Admin/AppData/Roaming/TinyTeX/texmf-dist/tex/latex/pgf/compatibility/pgfcomp-version-1-18.sty
Package: pgfcomp-version-1-18 2023-01-15 v3.1.10 (3.1.10)
)) (c:/Users/Admin/AppData/Roaming/TinyTeX/texmf-dist/tex/latex/tools/verbatim.sty
Package: verbatim 2023-11-06 v1.5v LaTeX2e package for verbatim enhancements
\every@verbatim=\toks45
\verbatim@line=\toks46
\verbatim@in@stream=\read3
) (c:/Users/Admin/AppData/Roaming/TinyTeX/texmf-dist/tex/latex/environ/environ.sty
Package: environ 2014/05/04 v0.3 A new way to define environments
(c:/Users/Admin/AppData/Roaming/TinyTeX/texmf-dist/tex/latex/trimspaces/trimspaces.sty
Package: trimspaces 2009/09/17 v1.1 Trim spaces around a token list
))
\tcb@titlebox=\box72
\tcb@upperbox=\box73
\tcb@lowerbox=\box74
\tcb@phantombox=\box75
\c@tcbbreakpart=\count319
\c@tcblayer=\count320
\c@tcolorbox@number=\count321
\l__tcobox_tmpa_box=\box76
\l__tcobox_tmpa_dim=\dimen288
\tcb@temp=\box77
\tcb@temp=\box78
\tcb@temp=\box79
\tcb@temp=\box80
(c:/Users/Admin/AppData/Roaming/TinyTeX/texmf-dist/tex/latex/tcolorbox/tcbraster.code.tex
Library (tcolorbox): 'tcbraster.code.tex' version '6.2.0'
\c@tcbrastercolumn=\count322
\c@tcbrasterrow=\count323
\c@tcbrasternum=\count324
\c@tcbraster=\count325
) (c:/Users/Admin/AppData/Roaming/TinyTeX/texmf-dist/tex/latex/tcolorbox/tcbskins.code.tex
Library (tcolorbox): 'tcbskins.code.tex' version '6.2.0'
(c:/Users/Admin/AppData/Roaming/TinyTeX/texmf-dist/tex/latex/pgf/frontendlayer/tikz.sty (c:/Users/Admin/AppData/Roaming/TinyTeX/texmf-dist/tex/latex/pgf/utilities/pgffor.sty (c:/Users/Admin/AppData/Roaming/TinyTeX/texmf-dist/tex/latex/pgf/utilities/pgfkeys.sty (c:/Users/Admin/AppData/Roaming/TinyTeX/texmf-dist/tex/generic/pgf/utilities/pgfkeys.code.tex)) (c:/Users/Admin/AppData/Roaming/TinyTeX/texmf-dist/tex/latex/pgf/math/pgfmath.sty (c:/Users/Admin/AppData/Roaming/TinyTeX/texmf-dist/tex/generic/pgf/math/pgfmath.code.tex)) (c:/Users/Admin/AppData/Roaming/TinyTeX/texmf-dist/tex/generic/pgf/utilities/pgffor.code.tex
Package: pgffor 2023-01-15 v3.1.10 (3.1.10)
\pgffor@iter=\dimen289
\pgffor@skip=\dimen290
\pgffor@stack=\toks47
\pgffor@toks=\toks48
)) (c:/Users/Admin/AppData/Roaming/TinyTeX/texmf-dist/tex/generic/pgf/frontendlayer/tikz/tikz.code.tex
Package: tikz 2023-01-15 v3.1.10 (3.1.10)
(c:/Users/Admin/AppData/Roaming/TinyTeX/texmf-dist/tex/generic/pgf/libraries/pgflibraryplothandlers.code.tex
File: pgflibraryplothandlers.code.tex 2023-01-15 v3.1.10 (3.1.10)
\pgf@plot@mark@count=\count326
\pgfplotmarksize=\dimen291
)
\tikz@lastx=\dimen292
\tikz@lasty=\dimen293
\tikz@lastxsaved=\dimen294
\tikz@lastysaved=\dimen295
\tikz@lastmovetox=\dimen296
\tikz@lastmovetoy=\dimen297
\tikzleveldistance=\dimen298
\tikzsiblingdistance=\dimen299
\tikz@figbox=\box81
\tikz@figbox@bg=\box82
\tikz@tempbox=\box83
\tikz@tempbox@bg=\box84
\tikztreelevel=\count327
\tikznumberofchildren=\count328
\tikznumberofcurrentchild=\count329
\tikz@fig@count=\count330
(c:/Users/Admin/AppData/Roaming/TinyTeX/texmf-dist/tex/generic/pgf/modules/pgfmodulematrix.code.tex
File: pgfmodulematrix.code.tex 2023-01-15 v3.1.10 (3.1.10)
\pgfmatrixcurrentrow=\count331
\pgfmatrixcurrentcolumn=\count332
\pgf@matrix@numberofcolumns=\count333
)
\tikz@expandcount=\count334
(c:/Users/Admin/AppData/Roaming/TinyTeX/texmf-dist/tex/generic/pgf/frontendlayer/tikz/libraries/tikzlibrarytopaths.code.tex
File: tikzlibrarytopaths.code.tex 2023-01-15 v3.1.10 (3.1.10)
))) (c:/Users/Admin/AppData/Roaming/TinyTeX/texmf-dist/tex/latex/tikzfill/tikzfill.image.sty
Package: tikzfill.image 2023/08/08 v1.0.1 Image filling library for TikZ
(c:/Users/Admin/AppData/Roaming/TinyTeX/texmf-dist/tex/latex/tikzfill/tikzfill-common.sty
Package: tikzfill-common 2023/08/08 v1.0.1 Auxiliary code for tikzfill
) (c:/Users/Admin/AppData/Roaming/TinyTeX/texmf-dist/tex/latex/tikzfill/tikzlibraryfill.image.code.tex
File: tikzlibraryfill.image.code.tex 2023/08/08 v1.0.1 Image filling library
\l__tikzfill_img_box=\box85
)) (c:/Users/Admin/AppData/Roaming/TinyTeX/texmf-dist/tex/latex/tcolorbox/tcbskinsjigsaw.code.tex
Library (tcolorbox): 'tcbskinsjigsaw.code.tex' version '6.2.0'
)) (c:/Users/Admin/AppData/Roaming/TinyTeX/texmf-dist/tex/latex/tcolorbox/tcbbreakable.code.tex
Library (tcolorbox): 'tcbbreakable.code.tex' version '6.2.0'
(c:/Users/Admin/AppData/Roaming/TinyTeX/texmf-dist/tex/latex/pdfcol/pdfcol.sty
Package: pdfcol 2022-09-21 v1.7 Handle new color stacks for pdfTeX (HO)
(c:/Users/Admin/AppData/Roaming/TinyTeX/texmf-dist/tex/generic/ltxcmds/ltxcmds.sty
Package: ltxcmds 2023-12-04 v1.26 LaTeX kernel commands for general use (HO)
) (c:/Users/Admin/AppData/Roaming/TinyTeX/texmf-dist/tex/generic/infwarerr/infwarerr.sty
Package: infwarerr 2019/12/03 v1.5 Providing info/warning/error messages (HO)
)
Package pdfcol Info: Interface disabled because of missing PDF mode of pdfTeX.
)
Package pdfcol Info: pdfTeX's color stacks are not available.
\tcb@testbox=\box86
\tcb@totalupperbox=\box87
\tcb@totallowerbox=\box88
) (c:/Users/Admin/AppData/Roaming/TinyTeX/texmf-dist/tex/latex/tcolorbox/tcbhooks.code.tex
Library (tcolorbox): 'tcbhooks.code.tex' version '6.2.0'
) (c:/Users/Admin/AppData/Roaming/TinyTeX/texmf-dist/tex/latex/tcolorbox/tcbtheorems.code.tex
Library (tcolorbox): 'tcbtheorems.code.tex' version '6.2.0'
) (c:/Users/Admin/AppData/Roaming/TinyTeX/texmf-dist/tex/latex/tcolorbox/tcbfitting.code.tex
Library (tcolorbox): 'tcbfitting.code.tex' version '6.2.0'
\tcbfitdim=\dimen300
\tcb@lowerfitdim=\dimen301
\tcb@upperfitdim=\dimen302
\tcb@cur@hbadness=\count335
) (c:/Users/Admin/AppData/Roaming/TinyTeX/texmf-dist/tex/latex/tcolorbox/tcblistingsutf8.code.tex
Library (tcolorbox): 'tcblistingsutf8.code.tex' version '6.2.0'
(c:/Users/Admin/AppData/Roaming/TinyTeX/texmf-dist/tex/latex/tcolorbox/tcblistings.code.tex
Library (tcolorbox): 'tcblistings.code.tex' version '6.2.0'
(c:/Users/Admin/AppData/Roaming/TinyTeX/texmf-dist/tex/latex/listings/listings.sty
\lst@mode=\count336
\lst@gtempboxa=\box89
\lst@token=\toks49
\lst@length=\count337
\lst@currlwidth=\dimen303
\lst@column=\count338
\lst@pos=\count339
\lst@lostspace=\dimen304
\lst@width=\dimen305
\lst@newlines=\count340
\lst@lineno=\count341
\lst@maxwidth=\dimen306
(c:/Users/Admin/AppData/Roaming/TinyTeX/texmf-dist/tex/latex/listings/lstmisc.sty
File: lstmisc.sty 2023/02/27 1.9 (Carsten Heinz)
\c@lstnumber=\count342
\lst@skipnumbers=\count343
\lst@framebox=\box90
) (c:/Users/Admin/AppData/Roaming/TinyTeX/texmf-dist/tex/latex/listings/listings.cfg
File: listings.cfg 2023/02/27 1.9 listings configuration
))
Package: listings 2023/02/27 1.9 (Carsten Heinz)
(c:/Users/Admin/AppData/Roaming/TinyTeX/texmf-dist/tex/latex/tcolorbox/tcblistingscore.code.tex
Library (tcolorbox): 'tcblistingscore.code.tex' version '6.2.0'
(c:/Users/Admin/AppData/Roaming/TinyTeX/texmf-dist/tex/latex/tcolorbox/tcbprocessing.code.tex
Library (tcolorbox): 'tcbprocessing.code.tex' version '6.2.0'
)
\c@tcblisting=\count344
))
Package tcolorbox Info: Library `listingsutf8' is compatible with pdftex only. Library `listings` is loaded instead. on input line 29.
) (c:/Users/Admin/AppData/Roaming/TinyTeX/texmf-dist/tex/latex/tcolorbox/tcbexternal.code.tex
Library (tcolorbox): 'tcbexternal.code.tex' version '6.2.0'
) (c:/Users/Admin/AppData/Roaming/TinyTeX/texmf-dist/tex/latex/tcolorbox/tcbmagazine.code.tex
Library (tcolorbox): 'tcbmagazine.code.tex' version '6.2.0'
) (c:/Users/Admin/AppData/Roaming/TinyTeX/texmf-dist/tex/latex/tcolorbox/tcbvignette.code.tex
Library (tcolorbox): 'tcbvignette.code.tex' version '6.2.0'
(c:/Users/Admin/AppData/Roaming/TinyTeX/texmf-dist/tex/generic/pgf/frontendlayer/tikz/libraries/tikzlibraryfadings.code.tex
File: tikzlibraryfadings.code.tex 2023-01-15 v3.1.10 (3.1.10)
(c:/Users/Admin/AppData/Roaming/TinyTeX/texmf-dist/tex/generic/pgf/libraries/pgflibraryfadings.code.tex
File: pgflibraryfadings.code.tex 2023-01-15 v3.1.10 (3.1.10)
))) (c:/Users/Admin/AppData/Roaming/TinyTeX/texmf-dist/tex/latex/tcolorbox/tcbposter.code.tex
Library (tcolorbox): 'tcbposter.code.tex' version '6.2.0'
)) (c:/Users/Admin/AppData/Roaming/TinyTeX/texmf-dist/tex/latex/blindtext/blindtext.sty
Package: blindtext 2012/01/06 V2.0 blindtext-Package
(c:/Users/Admin/AppData/Roaming/TinyTeX/texmf-dist/tex/latex/tools/xspace.sty
Package: xspace 2014/10/28 v1.13 Space after command names (DPC,MH)
)
\c@blindtext=\count345
\c@Blindtext=\count346
\c@blind@countparstart=\count347
\blind@countxx=\count348
\blindtext@numBlindtext=\count349
\blind@countyy=\count350
\c@blindlist=\count351
\c@blindlistlevel=\count352
\c@blindlist@level=\count353
\blind@listitem=\count354
\c@blind@listcount=\count355
\c@blind@levelcount=\count356
\blind@mathformula=\count357
\blind@Mathformula=\count358
\c@blind@randomcount=\count359
\c@blind@randommax=\count360
\c@blind@pangramcount=\count361
\c@blind@pangrammax=\count362
) (c:/Users/Admin/AppData/Roaming/TinyTeX/texmf-dist/tex/latex/tools/bm.sty
Package: bm 2023/07/08 v1.2f Bold Symbol Support (DPC/FMi)
\symboldoperators=\mathgroup6
\symboldletters=\mathgroup7
\symboldsymbols=\mathgroup8
Package bm Info: No bold for \OMX/lmex/m/n, using \pmb.
Package bm Info: No bold for \U/msa/m/n, using \pmb.
Package bm Info: No bold for \U/msb/m/n, using \pmb.
LaTeX Font Info:    Redeclaring math alphabet \mathbf on input line 149.
) (c:/Users/Admin/AppData/Roaming/TinyTeX/texmf-dist/tex/generic/babel/babel.sty
Package: babel 2024/02/07 v24.2 The Babel package
\babel@savecnt=\count363
\U@D=\dimen307
\l@unhyphenated=\language5
(c:/Users/Admin/AppData/Roaming/TinyTeX/texmf-dist/tex/generic/babel/xebabel.def)
\bbl@readstream=\read4
\bbl@dirlevel=\count364
(c:/Users/Admin/AppData/Roaming/TinyTeX/texmf-dist/tex/generic/babel-finnish/finnish.ldf
Language: finnish 2021/02/06 v1.3s Finnish support from the babel system
Package babel Info: Making " an active character on input line 85.
)) (c:/Users/Admin/AppData/Roaming/TinyTeX/texmf-dist/tex/generic/babel/locale/fi/babel-finnish.tex
Package babel Info: Importing font and identification data for finnish
(babel)             from babel-fi.ini. Reported on input line 11.
) (c:/Users/Admin/AppData/Roaming/TinyTeX/texmf-dist/tex/latex/overpic/overpic.sty
Package: overpic 2024/01/06 2.1 picture overlays (RN)
(c:/Users/Admin/AppData/Roaming/TinyTeX/texmf-dist/tex/latex/eepic/epic.sty
Enhancements to Picture Environment. Version 1.2 - Released June 1, 1986
\@@multicnt=\count365
\d@lta=\count366
\@delta=\dimen308
\@@delta=\dimen309
\@gridcnt=\count367
\@joinkind=\count368
\@dotgap=\dimen310
\@ddotgap=\dimen311
\@x@diff=\count369
\@y@diff=\count370
\x@diff=\dimen312
\y@diff=\dimen313
\@dotbox=\box91
\num@segments=\count371
\num@segmentsi=\count372
\@datafile=\read5
)
\OVP@box=\box92
) (c:/Users/Admin/AppData/Roaming/TinyTeX/texmf-dist/tex/latex/graphics/epsfig.sty
Package: epsfig 2017/06/25 v1.7b (e)psfig emulation (SPQR)
\epsfxsize=\dimen314
\epsfysize=\dimen315
) (c:/Users/Admin/AppData/Roaming/TinyTeX/texmf-dist/tex/generic/xstring/xstring.sty (c:/Users/Admin/AppData/Roaming/TinyTeX/texmf-dist/tex/generic/xstring/xstring.tex
\xs_counta=\count373
\xs_countb=\count374
)
Package: xstring 2023/08/22 v1.86 String manipulations (CT)
) (c:/Users/Admin/AppData/Roaming/TinyTeX/texmf-dist/tex/latex/multirow/multirow.sty
Package: multirow 2021/03/15 v2.8 Span multiple rows of a table
\multirow@colwidth=\skip73
\multirow@cntb=\count375
\multirow@dima=\skip74
\bigstrutjot=\dimen316
) (c:/Users/Admin/AppData/Roaming/TinyTeX/texmf-dist/tex/latex/wrapfig/wrapfig.sty
\wrapoverhang=\dimen317
\WF@size=\dimen318
\c@WF@wrappedlines=\count376
\WF@box=\box93
\WF@everypar=\toks50
Package: wrapfig 2003/01/31  v 3.6
) (c:/Users/Admin/AppData/Roaming/TinyTeX/texmf-dist/tex/latex/float/float.sty
Package: float 2001/11/08 v1.3d Float enhancements (AL)
\c@float@type=\count377
\float@exts=\toks51
\float@box=\box94
\@float@everytoks=\toks52
\@floatcapt=\box95
) (c:/Users/Admin/AppData/Roaming/TinyTeX/texmf-dist/tex/latex/colortbl/colortbl.sty
Package: colortbl 2024/02/20 v1.0g Color table columns (DPC)
\everycr=\toks53
\minrowclearance=\skip75
\rownum=\count378
) (c:/Users/Admin/AppData/Roaming/TinyTeX/texmf-dist/tex/latex/pdflscape/pdflscape.sty
Package: pdflscape 2022-10-27 v0.13 Display of landscape pages in PDF
(c:/Users/Admin/AppData/Roaming/TinyTeX/texmf-dist/tex/latex/pdflscape/pdflscape-nometadata.sty
Package: pdflscape-nometadata 2022-10-28 v0.13 Display of landscape pages in PDF (HO)
(c:/Users/Admin/AppData/Roaming/TinyTeX/texmf-dist/tex/latex/graphics/lscape.sty
Package: lscape 2020/05/28 v3.02 Landscape Pages (DPC)
)
Package pdflscape Info: Auto-detected driver: dvipdfm (xetex) on input line 98.
)) (c:/Users/Admin/AppData/Roaming/TinyTeX/texmf-dist/tex/latex/tabu/tabu.sty
Package: tabu 2019/01/11 v2.9 - flexible LaTeX tabulars (FC+tabu-fixed)
\c@taburow=\count379
\tabu@nbcols=\count380
\tabu@cnt=\count381
\tabu@Xcol=\count382
\tabu@alloc=\count383
\tabu@nested=\count384
\tabu@target=\dimen319
\tabu@spreadtarget=\dimen320
\tabu@naturalX=\dimen321
\tabucolX=\dimen322
\tabu@Xsum=\dimen323
\extrarowdepth=\dimen324
\abovetabulinesep=\dimen325
\belowtabulinesep=\dimen326
\tabustrutrule=\dimen327
\tabu@thebody=\toks54
\tabu@footnotes=\toks55
\tabu@box=\box96
\tabu@arstrutbox=\box97
\tabu@hleads=\box98
\tabu@vleads=\box99
\tabu@cellskip=\skip76
) (c:/Users/Admin/AppData/Roaming/TinyTeX/texmf-dist/tex/latex/threeparttable/threeparttable.sty
Package: threeparttable 2003/06/13  v 3.0
\@tempboxb=\box100
) (c:/Users/Admin/AppData/Roaming/TinyTeX/texmf-dist/tex/latex/threeparttablex/threeparttablex.sty
Package: threeparttablex 2013/07/23 v0.3 by daleif
\TPTL@width=\skip77
) (c:/Users/Admin/AppData/Roaming/TinyTeX/texmf-dist/tex/generic/ulem/ulem.sty
\UL@box=\box101
\UL@hyphenbox=\box102
\UL@skip=\skip78
\UL@hook=\toks56
\UL@height=\dimen328
\UL@pe=\count385
\UL@pixel=\dimen329
\ULC@box=\box103
Package: ulem 2019/11/18
\ULdepth=\dimen330
) (c:/Users/Admin/AppData/Roaming/TinyTeX/texmf-dist/tex/latex/makecell/makecell.sty
Package: makecell 2009/08/03 V0.1e Managing of Tab Column Heads and Cells
\rotheadsize=\dimen331
\c@nlinenum=\count386
\TeXr@lab=\toks57
) (c:/Users/Admin/AppData/Roaming/TinyTeX/texmf-dist/tex/latex/natbib/natbib.sty
Package: natbib 2010/09/13 8.31b (PWD, AO)
\bibhang=\skip79
\bibsep=\skip80
LaTeX Info: Redefining \cite on input line 694.
\c@NAT@ctr=\count387
) (c:/Users/Admin/AppData/Roaming/TinyTeX/texmf-dist/tex/latex/hyperref/hyperref.sty
Package: hyperref 2024-01-20 v7.01h Hypertext links for LaTeX
(c:/Users/Admin/AppData/Roaming/TinyTeX/texmf-dist/tex/latex/kvsetkeys/kvsetkeys.sty
Package: kvsetkeys 2022-10-05 v1.19 Key value parser (HO)
) (c:/Users/Admin/AppData/Roaming/TinyTeX/texmf-dist/tex/generic/kvdefinekeys/kvdefinekeys.sty
Package: kvdefinekeys 2019-12-19 v1.6 Define keys (HO)
) (c:/Users/Admin/AppData/Roaming/TinyTeX/texmf-dist/tex/generic/pdfescape/pdfescape.sty
Package: pdfescape 2019/12/09 v1.15 Implements pdfTeX's escape features (HO)
(c:/Users/Admin/AppData/Roaming/TinyTeX/texmf-dist/tex/generic/pdftexcmds/pdftexcmds.sty
Package: pdftexcmds 2020-06-27 v0.33 Utility functions of pdfTeX for LuaTeX (HO)
Package pdftexcmds Info: \pdf@primitive is available.
Package pdftexcmds Info: \pdf@ifprimitive is available.
Package pdftexcmds Info: \pdfdraftmode not found.
)) (c:/Users/Admin/AppData/Roaming/TinyTeX/texmf-dist/tex/latex/hycolor/hycolor.sty
Package: hycolor 2020-01-27 v1.10 Color options for hyperref/bookmark (HO)
) (c:/Users/Admin/AppData/Roaming/TinyTeX/texmf-dist/tex/latex/auxhook/auxhook.sty
Package: auxhook 2019-12-17 v1.6 Hooks for auxiliary files (HO)
) (c:/Users/Admin/AppData/Roaming/TinyTeX/texmf-dist/tex/latex/hyperref/nameref.sty
Package: nameref 2023-11-26 v2.56 Cross-referencing by name of section
(c:/Users/Admin/AppData/Roaming/TinyTeX/texmf-dist/tex/latex/refcount/refcount.sty
Package: refcount 2019/12/15 v3.6 Data extraction from label references (HO)
) (c:/Users/Admin/AppData/Roaming/TinyTeX/texmf-dist/tex/generic/gettitlestring/gettitlestring.sty
Package: gettitlestring 2019/12/15 v1.6 Cleanup title references (HO)
(c:/Users/Admin/AppData/Roaming/TinyTeX/texmf-dist/tex/latex/kvoptions/kvoptions.sty
Package: kvoptions 2022-06-15 v3.15 Key value format for package options (HO)
))
\c@section@level=\count388
)
\@linkdim=\dimen332
\Hy@linkcounter=\count389
\Hy@pagecounter=\count390
(c:/Users/Admin/AppData/Roaming/TinyTeX/texmf-dist/tex/latex/hyperref/pd1enc.def
File: pd1enc.def 2024-01-20 v7.01h Hyperref: PDFDocEncoding definition (HO)
) (c:/Users/Admin/AppData/Roaming/TinyTeX/texmf-dist/tex/generic/intcalc/intcalc.sty
Package: intcalc 2019/12/15 v1.3 Expandable calculations with integers (HO)
)
\Hy@SavedSpaceFactor=\count391
(c:/Users/Admin/AppData/Roaming/TinyTeX/texmf-dist/tex/latex/hyperref/puenc.def
File: puenc.def 2024-01-20 v7.01h Hyperref: PDF Unicode definition (HO)
)
Package hyperref Info: Option `unicode' set `true' on input line 4062.
Package hyperref Info: Hyper figures OFF on input line 4179.
Package hyperref Info: Link nesting OFF on input line 4184.
Package hyperref Info: Hyper index ON on input line 4187.
Package hyperref Info: Plain pages OFF on input line 4194.
Package hyperref Info: Backreferencing OFF on input line 4199.
Package hyperref Info: Implicit mode ON; LaTeX internals redefined.
Package hyperref Info: Bookmarks ON on input line 4446.
\c@Hy@tempcnt=\count392
(c:/Users/Admin/AppData/Roaming/TinyTeX/texmf-dist/tex/latex/url/url.sty
\Urlmuskip=\muskip18
Package: url 2013/09/16  ver 3.4  Verb mode for urls, etc.
)
LaTeX Info: Redefining \url on input line 4784.
\XeTeXLinkMargin=\dimen333
(c:/Users/Admin/AppData/Roaming/TinyTeX/texmf-dist/tex/generic/bitset/bitset.sty
Package: bitset 2019/12/09 v1.3 Handle bit-vector datatype (HO)
(c:/Users/Admin/AppData/Roaming/TinyTeX/texmf-dist/tex/generic/bigintcalc/bigintcalc.sty
Package: bigintcalc 2019/12/15 v1.5 Expandable calculations on big integers (HO)
))
\Fld@menulength=\count393
\Field@Width=\dimen334
\Fld@charsize=\dimen335
Package hyperref Info: Hyper figures OFF on input line 6063.
Package hyperref Info: Link nesting OFF on input line 6068.
Package hyperref Info: Hyper index ON on input line 6071.
Package hyperref Info: backreferencing OFF on input line 6078.
Package hyperref Info: Link coloring OFF on input line 6083.
Package hyperref Info: Link coloring with OCG OFF on input line 6088.
Package hyperref Info: PDF/A mode OFF on input line 6093.
(c:/Users/Admin/AppData/Roaming/TinyTeX/texmf-dist/tex/latex/base/atbegshi-ltx.sty
Package: atbegshi-ltx 2021/01/10 v1.0c Emulation of the original atbegshi
package with kernel methods
)
\Hy@abspage=\count394
\c@Item=\count395
\c@Hfootnote=\count396
)
Package hyperref Info: Driver (autodetected): hxetex.
(c:/Users/Admin/AppData/Roaming/TinyTeX/texmf-dist/tex/latex/hyperref/hxetex.def
File: hxetex.def 2024-01-20 v7.01h Hyperref driver for XeTeX
(c:/Users/Admin/AppData/Roaming/TinyTeX/texmf-dist/tex/generic/stringenc/stringenc.sty
Package: stringenc 2019/11/29 v1.12 Convert strings between diff. encodings (HO)
)
\pdfm@box=\box104
\c@Hy@AnnotLevel=\count397
\HyField@AnnotCount=\count398
\Fld@listcount=\count399
\c@bookmark@seq@number=\count400
(c:/Users/Admin/AppData/Roaming/TinyTeX/texmf-dist/tex/latex/rerunfilecheck/rerunfilecheck.sty
Package: rerunfilecheck 2022-07-10 v1.10 Rerun checks for auxiliary files (HO)
(c:/Users/Admin/AppData/Roaming/TinyTeX/texmf-dist/tex/latex/base/atveryend-ltx.sty
Package: atveryend-ltx 2020/08/19 v1.0a Emulation of the original atveryend package
with kernel methods
) (c:/Users/Admin/AppData/Roaming/TinyTeX/texmf-dist/tex/generic/uniquecounter/uniquecounter.sty
Package: uniquecounter 2019/12/15 v1.4 Provide unlimited unique counter (HO)
)
Package uniquecounter Info: New unique counter `rerunfilecheck' on input line 285.
)
\Hy@SectionHShift=\skip81
)
Package hyperref Info: Option `colorlinks' set `true' on input line 191.
(./TD2023.aux)
\openout1 = `TD2023.aux'.

LaTeX Font Info:    Checking defaults for OML/cmm/m/it on input line 197.
LaTeX Font Info:    ... okay on input line 197.
LaTeX Font Info:    Checking defaults for OMS/cmsy/m/n on input line 197.
LaTeX Font Info:    ... okay on input line 197.
LaTeX Font Info:    Checking defaults for OT1/cmr/m/n on input line 197.
LaTeX Font Info:    ... okay on input line 197.
LaTeX Font Info:    Checking defaults for T1/cmr/m/n on input line 197.
LaTeX Font Info:    ... okay on input line 197.
LaTeX Font Info:    Checking defaults for TS1/cmr/m/n on input line 197.
LaTeX Font Info:    ... okay on input line 197.
LaTeX Font Info:    Checking defaults for TU/lmr/m/n on input line 197.
LaTeX Font Info:    ... okay on input line 197.
LaTeX Font Info:    Checking defaults for OMX/cmex/m/n on input line 197.
LaTeX Font Info:    ... okay on input line 197.
LaTeX Font Info:    Checking defaults for U/cmr/m/n on input line 197.
LaTeX Font Info:    ... okay on input line 197.
LaTeX Font Info:    Checking defaults for PD1/pdf/m/n on input line 197.
LaTeX Font Info:    ... okay on input line 197.
LaTeX Font Info:    Checking defaults for PU/pdf/m/n on input line 197.
LaTeX Font Info:    ... okay on input line 197.
LaTeX Font Info:    Overwriting math alphabet `\mathrm' in version `normal'
(Font)                  OT1/lmr/m/n --> TU/lmr/m/n on input line 197.
LaTeX Font Info:    Overwriting math alphabet `\mathit' in version `normal'
(Font)                  OT1/lmr/m/it --> TU/lmr/m/it on input line 197.
LaTeX Font Info:    Overwriting math alphabet `\mathbf' in version `normal'
(Font)                  OT1/lmr/bx/n --> TU/lmr/bx/n on input line 197.
LaTeX Font Info:    Overwriting math alphabet `\mathsf' in version `normal'
(Font)                  OT1/lmss/m/n --> TU/lmss/m/n on input line 197.
LaTeX Font Info:    Overwriting math alphabet `\mathsf' in version `bold'
(Font)                  OT1/lmss/bx/n --> TU/lmss/bx/n on input line 197.
LaTeX Font Info:    Overwriting math alphabet `\mathtt' in version `normal'
(Font)                  OT1/lmtt/m/n --> TU/lmtt/m/n on input line 197.
LaTeX Font Info:    Overwriting math alphabet `\mathtt' in version `bold'
(Font)                  OT1/lmtt/m/n --> TU/lmtt/bx/n on input line 197.

Package fontspec Info: latinmodern-math scale = 0.9999964596882403.


Package fontspec Info: latinmodern-math scale = 0.9999964596882403.


Package fontspec Info: latinmodern-math scale = 0.9999964596882403.


Package fontspec Info: Font family 'latinmodern-math.otf(0)' created for font
(fontspec)             'latinmodern-math.otf' with options
(fontspec)             [Scale=MatchLowercase,BoldItalicFont={},ItalicFont={},SmallCapsFont={},Script=Math,BoldFont={latinmodern-math.otf}].
(fontspec)              
(fontspec)              This font family consists of the following NFSS
(fontspec)             series/shapes:
(fontspec)              
(fontspec)             - 'normal' (m/n) with NFSS spec.:
(fontspec)             <->s*[0.9999964596882403]"[latinmodern-math.otf]/OT:script=math;language=dflt;"
(fontspec)             - 'small caps'  (m/sc) with NFSS spec.: 
(fontspec)             - 'bold' (b/n) with NFSS spec.:
(fontspec)             <->s*[0.9999964596882403]"[latinmodern-math.otf]/OT:script=math;language=dflt;"
(fontspec)             - 'bold small caps'  (b/sc) with NFSS spec.: 

LaTeX Font Info:    Font shape `TU/latinmodern-math.otf(0)/m/n' will be
(Font)              scaled to size 10.0pt on input line 197.

Package fontspec Info: latinmodern-math scale = 0.9999964596882403.


Package fontspec Info: latinmodern-math scale = 0.9999964596882403.


Package fontspec Info: latinmodern-math scale = 0.9999964596882403.


Package fontspec Info: latinmodern-math scale = 0.9999964596882403.


Package fontspec Info: latinmodern-math scale = 0.9999964596882403.


Package fontspec Info: Font family 'latinmodern-math.otf(1)' created for font
(fontspec)             'latinmodern-math.otf' with options
(fontspec)             [Scale=MatchLowercase,BoldItalicFont={},ItalicFont={},SmallCapsFont={},Script=Math,SizeFeatures={{Size=8.5-},{Size=6-8.5,Font=latinmodern-math.otf,Style=MathScript},{Size=-6,Font=latinmodern-math.otf,Style=MathScriptScript}},BoldFont={latinmodern-math.otf}].
(fontspec)              
(fontspec)              This font family consists of the following NFSS
(fontspec)             series/shapes:
(fontspec)              
(fontspec)             - 'normal' (m/n) with NFSS spec.:
(fontspec)             <8.5->s*[0.9999964596882403]"[latinmodern-math.otf]/OT:script=math;language=dflt;"<6-8.5>s*[0.9999964596882403]"[latinmodern-math.otf]/OT:script=math;language=dflt;+ssty=0;"<-6>s*[0.9999964596882403]"[latinmodern-math.otf]/OT:script=math;language=dflt;+ssty=1;"
(fontspec)             - 'small caps'  (m/sc) with NFSS spec.: 
(fontspec)             - 'bold' (b/n) with NFSS spec.:
(fontspec)             <->s*[0.9999964596882403]"[latinmodern-math.otf]/OT:script=math;language=dflt;"
(fontspec)             - 'bold small caps'  (b/sc) with NFSS spec.: 

LaTeX Font Info:    Font shape `TU/latinmodern-math.otf(1)/m/n' will be
(Font)              scaled to size 10.0pt on input line 197.
LaTeX Font Info:    Encoding `OT1' has changed to `TU' for symbol font
(Font)              `operators' in the math version `normal' on input line 197.
LaTeX Font Info:    Overwriting symbol font `operators' in version `normal'
(Font)                  OT1/lmr/m/n --> TU/latinmodern-math.otf(1)/m/n on input line 197.
LaTeX Font Info:    Encoding `OT1' has changed to `TU' for symbol font
(Font)              `operators' in the math version `bold' on input line 197.
LaTeX Font Info:    Overwriting symbol font `operators' in version `bold'
(Font)                  OT1/lmr/bx/n --> TU/latinmodern-math.otf(1)/b/n on input line 197.

Package fontspec Info: latinmodern-math scale = 0.9999964596882403.


Package fontspec Info: latinmodern-math scale = 1.000096459334209.


Package fontspec Info: latinmodern-math scale = 0.9999964596882403.


Package fontspec Info: latinmodern-math scale = 1.000096459334209.


Package fontspec Info: latinmodern-math scale = 0.9999964596882403.


Package fontspec Info: latinmodern-math scale = 1.000096459334209.


Package fontspec Info: latinmodern-math scale = 0.9999964596882403.


Package fontspec Info: latinmodern-math scale = 1.000096459334209.


Package fontspec Info: latinmodern-math scale = 0.9999964596882403.


Package fontspec Info: latinmodern-math scale = 1.000096459334209.


Package fontspec Info: Font family 'latinmodern-math.otf(2)' created for font
(fontspec)             'latinmodern-math.otf' with options
(fontspec)             [Scale=MatchLowercase,BoldItalicFont={},ItalicFont={},SmallCapsFont={},Script=Math,SizeFeatures={{Size=8.5-},{Size=6-8.5,Font=latinmodern-math.otf,Style=MathScript},{Size=-6,Font=latinmodern-math.otf,Style=MathScriptScript}},BoldFont={latinmodern-math.otf},ScaleAgain=1.0001,FontAdjustment={\fontdimen
(fontspec)             8\font =6.77pt\relax \fontdimen 9\font =3.94pt\relax
(fontspec)             \fontdimen 10\font =4.44pt\relax \fontdimen 11\font
(fontspec)             =6.86pt\relax \fontdimen 12\font =3.45pt\relax
(fontspec)             \fontdimen 13\font =3.63pt\relax \fontdimen 14\font
(fontspec)             =3.63pt\relax \fontdimen 15\font =2.89pt\relax
(fontspec)             \fontdimen 16\font =2.47pt\relax \fontdimen 17\font
(fontspec)             =2.47pt\relax \fontdimen 18\font =2.5pt\relax
(fontspec)             \fontdimen 19\font =2.0pt\relax \fontdimen 22\font
(fontspec)             =2.5pt\relax \fontdimen 20\font =0pt\relax \fontdimen
(fontspec)             21\font =0pt\relax }].
(fontspec)              
(fontspec)              This font family consists of the following NFSS
(fontspec)             series/shapes:
(fontspec)              
(fontspec)             - 'normal' (m/n) with NFSS spec.:
(fontspec)             <8.5->s*[1.000096459334209]"[latinmodern-math.otf]/OT:script=math;language=dflt;"<6-8.5>s*[1.000096459334209]"[latinmodern-math.otf]/OT:script=math;language=dflt;+ssty=0;"<-6>s*[1.000096459334209]"[latinmodern-math.otf]/OT:script=math;language=dflt;+ssty=1;"
(fontspec)             - 'small caps'  (m/sc) with NFSS spec.: 
(fontspec)             and font adjustment code:
(fontspec)             \fontdimen 8\font =6.77pt\relax \fontdimen 9\font
(fontspec)             =3.94pt\relax \fontdimen 10\font =4.44pt\relax
(fontspec)             \fontdimen 11\font =6.86pt\relax \fontdimen 12\font
(fontspec)             =3.45pt\relax \fontdimen 13\font =3.63pt\relax
(fontspec)             \fontdimen 14\font =3.63pt\relax \fontdimen 15\font
(fontspec)             =2.89pt\relax \fontdimen 16\font =2.47pt\relax
(fontspec)             \fontdimen 17\font =2.47pt\relax \fontdimen 18\font
(fontspec)             =2.5pt\relax \fontdimen 19\font =2.0pt\relax \fontdimen
(fontspec)             22\font =2.5pt\relax \fontdimen 20\font =0pt\relax
(fontspec)             \fontdimen 21\font =0pt\relax 
(fontspec)             - 'bold' (b/n) with NFSS spec.:
(fontspec)             <->s*[1.000096459334209]"[latinmodern-math.otf]/OT:script=math;language=dflt;"
(fontspec)             - 'bold small caps'  (b/sc) with NFSS spec.: 
(fontspec)             and font adjustment code:
(fontspec)             \fontdimen 8\font =6.77pt\relax \fontdimen 9\font
(fontspec)             =3.94pt\relax \fontdimen 10\font =4.44pt\relax
(fontspec)             \fontdimen 11\font =6.86pt\relax \fontdimen 12\font
(fontspec)             =3.45pt\relax \fontdimen 13\font =3.63pt\relax
(fontspec)             \fontdimen 14\font =3.63pt\relax \fontdimen 15\font
(fontspec)             =2.89pt\relax \fontdimen 16\font =2.47pt\relax
(fontspec)             \fontdimen 17\font =2.47pt\relax \fontdimen 18\font
(fontspec)             =2.5pt\relax \fontdimen 19\font =2.0pt\relax \fontdimen
(fontspec)             22\font =2.5pt\relax \fontdimen 20\font =0pt\relax
(fontspec)             \fontdimen 21\font =0pt\relax 

LaTeX Font Info:    Encoding `OMS' has changed to `TU' for symbol font
(Font)              `symbols' in the math version `normal' on input line 197.
LaTeX Font Info:    Overwriting symbol font `symbols' in version `normal'
(Font)                  OMS/lmsy/m/n --> TU/latinmodern-math.otf(2)/m/n on input line 197.
LaTeX Font Info:    Encoding `OMS' has changed to `TU' for symbol font
(Font)              `symbols' in the math version `bold' on input line 197.
LaTeX Font Info:    Overwriting symbol font `symbols' in version `bold'
(Font)                  OMS/lmsy/b/n --> TU/latinmodern-math.otf(2)/b/n on input line 197.

Package fontspec Info: latinmodern-math scale = 0.9999964596882403.


Package fontspec Info: latinmodern-math scale = 0.9998964600422715.


Package fontspec Info: latinmodern-math scale = 0.9999964596882403.


Package fontspec Info: latinmodern-math scale = 0.9998964600422715.


Package fontspec Info: latinmodern-math scale = 0.9999964596882403.


Package fontspec Info: latinmodern-math scale = 0.9998964600422715.


Package fontspec Info: latinmodern-math scale = 0.9999964596882403.


Package fontspec Info: latinmodern-math scale = 0.9998964600422715.


Package fontspec Info: latinmodern-math scale = 0.9999964596882403.


Package fontspec Info: latinmodern-math scale = 0.9998964600422715.


Package fontspec Info: Font family 'latinmodern-math.otf(3)' created for font
(fontspec)             'latinmodern-math.otf' with options
(fontspec)             [Scale=MatchLowercase,BoldItalicFont={},ItalicFont={},SmallCapsFont={},Script=Math,SizeFeatures={{Size=8.5-},{Size=6-8.5,Font=latinmodern-math.otf,Style=MathScript},{Size=-6,Font=latinmodern-math.otf,Style=MathScriptScript}},BoldFont={latinmodern-math.otf},ScaleAgain=0.9999,FontAdjustment={\fontdimen
(fontspec)             8\font =0.4pt\relax \fontdimen 9\font =2.0pt\relax
(fontspec)             \fontdimen 10\font =1.67pt\relax \fontdimen 11\font
(fontspec)             =1.11pt\relax \fontdimen 12\font =6.0pt\relax
(fontspec)             \fontdimen 13\font =0pt\relax }].
(fontspec)              
(fontspec)              This font family consists of the following NFSS
(fontspec)             series/shapes:
(fontspec)              
(fontspec)             - 'normal' (m/n) with NFSS spec.:
(fontspec)             <8.5->s*[0.9998964600422715]"[latinmodern-math.otf]/OT:script=math;language=dflt;"<6-8.5>s*[0.9998964600422715]"[latinmodern-math.otf]/OT:script=math;language=dflt;+ssty=0;"<-6>s*[0.9998964600422715]"[latinmodern-math.otf]/OT:script=math;language=dflt;+ssty=1;"
(fontspec)             - 'small caps'  (m/sc) with NFSS spec.: 
(fontspec)             and font adjustment code:
(fontspec)             \fontdimen 8\font =0.4pt\relax \fontdimen 9\font
(fontspec)             =2.0pt\relax \fontdimen 10\font =1.67pt\relax
(fontspec)             \fontdimen 11\font =1.11pt\relax \fontdimen 12\font
(fontspec)             =6.0pt\relax \fontdimen 13\font =0pt\relax 
(fontspec)             - 'bold' (b/n) with NFSS spec.:
(fontspec)             <->s*[0.9998964600422715]"[latinmodern-math.otf]/OT:script=math;language=dflt;"
(fontspec)             - 'bold small caps'  (b/sc) with NFSS spec.: 
(fontspec)             and font adjustment code:
(fontspec)             \fontdimen 8\font =0.4pt\relax \fontdimen 9\font
(fontspec)             =2.0pt\relax \fontdimen 10\font =1.67pt\relax
(fontspec)             \fontdimen 11\font =1.11pt\relax \fontdimen 12\font
(fontspec)             =6.0pt\relax \fontdimen 13\font =0pt\relax 

LaTeX Font Info:    Encoding `OMX' has changed to `TU' for symbol font
(Font)              `largesymbols' in the math version `normal' on input line 197.
LaTeX Font Info:    Overwriting symbol font `largesymbols' in version `normal'
(Font)                  OMX/lmex/m/n --> TU/latinmodern-math.otf(3)/m/n on input line 197.
LaTeX Font Info:    Encoding `OMX' has changed to `TU' for symbol font
(Font)              `largesymbols' in the math version `bold' on input line 197.
LaTeX Font Info:    Overwriting symbol font `largesymbols' in version `bold'
(Font)                  OMX/lmex/m/n --> TU/latinmodern-math.otf(3)/b/n on input line 197.
LaTeX Info: Redefining \microtypecontext on input line 197.
Package microtype Info: Applying patch `item' on input line 197.
Package microtype Info: Applying patch `toc' on input line 197.
Package microtype Info: Applying patch `eqnum' on input line 197.
Package microtype Info: Applying patch `footnote' on input line 197.
Package microtype Info: Applying patch `verbatim' on input line 197.
Package microtype Info: Character protrusion enabled (level 2).
Package microtype Info: Using protrusion set `basicmath'.
Package microtype Info: No adjustment of tracking.
Package microtype Info: No adjustment of spacing.
Package microtype Info: No adjustment of kerning.
(c:/Users/Admin/AppData/Roaming/TinyTeX/texmf-dist/tex/latex/microtype/mt-LatinModernRoman.cfg
File: mt-LatinModernRoman.cfg 2021/02/21 v1.1 microtype config. file: Latin Modern Roman (RS)
)
\c@lstlisting=\count401
Package hyperref Info: Link coloring ON on input line 197.
(./TD2023.out) (./TD2023.out)
\@outlinefile=\write4
\openout4 = `TD2023.out'.

LaTeX Font Info:    Font shape `TU/latinmodern-math.otf(1)/m/n' will be
(Font)              scaled to size 12.0pt on input line 199.
LaTeX Font Info:    Font shape `TU/latinmodern-math.otf(1)/m/n' will be
(Font)              scaled to size 8.0pt on input line 199.
LaTeX Font Info:    Font shape `TU/latinmodern-math.otf(1)/m/n' will be
(Font)              scaled to size 6.0pt on input line 199.
LaTeX Font Info:    Trying to load font information for OML+lmm on input line 199.
(c:/Users/Admin/AppData/Roaming/TinyTeX/texmf-dist/tex/latex/lm/omllmm.fd
File: omllmm.fd 2015/05/01 v1.6.1 Font defs for Latin Modern
)
LaTeX Font Info:    Font shape `TU/latinmodern-math.otf(2)/m/n' will be
(Font)              scaled to size 12.0011pt on input line 199.
LaTeX Font Info:    Font shape `TU/latinmodern-math.otf(2)/m/n' will be
(Font)              scaled to size 8.00073pt on input line 199.
LaTeX Font Info:    Font shape `TU/latinmodern-math.otf(2)/m/n' will be
(Font)              scaled to size 6.00055pt on input line 199.
LaTeX Font Info:    Font shape `TU/latinmodern-math.otf(3)/m/n' will be
(Font)              scaled to size 11.99872pt on input line 199.
LaTeX Font Info:    Font shape `TU/latinmodern-math.otf(3)/m/n' will be
(Font)              scaled to size 7.99915pt on input line 199.
LaTeX Font Info:    Font shape `TU/latinmodern-math.otf(3)/m/n' will be
(Font)              scaled to size 5.99936pt on input line 199.
LaTeX Font Info:    Trying to load font information for U+msa on input line 199.
(c:/Users/Admin/AppData/Roaming/TinyTeX/texmf-dist/tex/latex/amsfonts/umsa.fd
File: umsa.fd 2013/01/14 v3.01 AMS symbols A
) (c:/Users/Admin/AppData/Roaming/TinyTeX/texmf-dist/tex/latex/microtype/mt-msa.cfg
File: mt-msa.cfg 2006/02/04 v1.1 microtype config. file: AMS symbols (a) (RS)
)
LaTeX Font Info:    Trying to load font information for U+msb on input line 199.
(c:/Users/Admin/AppData/Roaming/TinyTeX/texmf-dist/tex/latex/amsfonts/umsb.fd
File: umsb.fd 2013/01/14 v3.01 AMS symbols B
) (c:/Users/Admin/AppData/Roaming/TinyTeX/texmf-dist/tex/latex/microtype/mt-msb.cfg
File: mt-msb.cfg 2005/06/01 v1.0 microtype config. file: AMS symbols (b) (RS)
)
LaTeX Font Info:    Trying to load font information for OT1+lmr on input line 199.
(c:/Users/Admin/AppData/Roaming/TinyTeX/texmf-dist/tex/latex/lm/ot1lmr.fd
File: ot1lmr.fd 2015/05/01 v1.6.1 Font defs for Latin Modern
)
LaTeX Font Info:    Trying to load font information for OMS+lmsy on input line 199.
(c:/Users/Admin/AppData/Roaming/TinyTeX/texmf-dist/tex/latex/lm/omslmsy.fd
File: omslmsy.fd 2015/05/01 v1.6.1 Font defs for Latin Modern
)
LaTeX Font Info:    Font shape `TU/latinmodern-math.otf(1)/m/n' will be
(Font)              scaled to size 9.0pt on input line 199.
LaTeX Font Info:    Font shape `TU/latinmodern-math.otf(1)/m/n' will be
(Font)              scaled to size 5.0pt on input line 199.
LaTeX Font Info:    Font shape `TU/latinmodern-math.otf(2)/m/n' will be
(Font)              scaled to size 9.00082pt on input line 199.
LaTeX Font Info:    Font shape `TU/latinmodern-math.otf(2)/m/n' will be
(Font)              scaled to size 5.00046pt on input line 199.
LaTeX Font Info:    Font shape `TU/latinmodern-math.otf(3)/m/n' will be
(Font)              scaled to size 8.99904pt on input line 199.
LaTeX Font Info:    Font shape `TU/latinmodern-math.otf(3)/m/n' will be
(Font)              scaled to size 4.99947pt on input line 199.
[1


] [2

] (./TD2023.toc
LaTeX Font Info:    Font shape `TU/latinmodern-math.otf(1)/m/n' will be
(Font)              scaled to size 7.0pt on input line 3.
LaTeX Font Info:    Font shape `TU/latinmodern-math.otf(2)/m/n' will be
(Font)              scaled to size 10.00092pt on input line 3.
LaTeX Font Info:    Font shape `TU/latinmodern-math.otf(2)/m/n' will be
(Font)              scaled to size 7.00064pt on input line 3.
LaTeX Font Info:    Font shape `TU/latinmodern-math.otf(3)/m/n' will be
(Font)              scaled to size 9.99893pt on input line 3.
LaTeX Font Info:    Font shape `TU/latinmodern-math.otf(3)/m/n' will be
(Font)              scaled to size 6.99925pt on input line 3.
[3] [4])
\tf@toc=\write5
\openout5 = `TD2023.toc'.

[5] [6

] [7] [8] [9] [10

]
Luku 1.
[11]
Underfull \hbox (badness 1715) in paragraph at lines 381--383
\TU/lmr/m/n/10 mallintamisessa ja pttelyss. Tilastolliseen malliin liittyy
 []

[12]
Overfull \hbox (12.82336pt too wide) has occurred while \output is active
\TU/lmr/m/sl/10 1.2.  TILASTOTIETEEN ASEMA TUTKIMUSYHTEISN ULKOPUOLELLA \TU/lmr/m/n/10 13
 []

[13] [14]
Luku 2.
[15

]
Underfull \hbox (badness 10000) in paragraph at lines 494--496

 []


Underfull \hbox (badness 10000) in paragraph at lines 525--527

 []


Overfull \hbox (49.88225pt too wide) has occurred while \output is active
\TU/lmr/m/n/10 16 \TU/lmr/m/sl/10 LUKU 2.  TIETEELLINEN TIETO, TILASTOT JA ARKITIETO YHTEISKUNNASSA
 []

[16]
Underfull \hbox (badness 10000) in paragraph at lines 556--558

 []

[17]
Underfull \hbox (badness 10000) in paragraph at lines 606--607

 []


Underfull \hbox (badness 10000) in paragraph at lines 640--642

 []


Underfull \hbox (badness 10000) in paragraph at lines 640--642

 []


Underfull \vbox (badness 2253) has occurred while \output is active []


Overfull \hbox (49.88225pt too wide) has occurred while \output is active
\TU/lmr/m/n/10 18 \TU/lmr/m/sl/10 LUKU 2.  TIETEELLINEN TIETO, TILASTOT JA ARKITIETO YHTEISKUNNASSA
 []

[18] [19]
File: images/Arkitieto-tieteellinentieto.jpg Graphic file (type bmp)
<images/Arkitieto-tieteellinentieto.jpg>

Overfull \hbox (49.88225pt too wide) has occurred while \output is active
\TU/lmr/m/n/10 20 \TU/lmr/m/sl/10 LUKU 2.  TIETEELLINEN TIETO, TILASTOT JA ARKITIETO YHTEISKUNNASSA
 []

[20] [21]
Underfull \hbox (badness 10000) in paragraph at lines 807--809

 []


Underfull \hbox (badness 10000) in paragraph at lines 807--809

 []


Overfull \hbox (49.88225pt too wide) has occurred while \output is active
\TU/lmr/m/n/10 22 \TU/lmr/m/sl/10 LUKU 2.  TIETEELLINEN TIETO, TILASTOT JA ARKITIETO YHTEISKUNNASSA
 []

[22]
Underfull \hbox (badness 10000) in paragraph at lines 843--846

 []


Underfull \hbox (badness 10000) in paragraph at lines 861--863

 []


Underfull \hbox (badness 10000) in paragraph at lines 872--874

 []

[23]
Overfull \hbox (49.88225pt too wide) has occurred while \output is active
\TU/lmr/m/n/10 24 \TU/lmr/m/sl/10 LUKU 2.  TIETEELLINEN TIETO, TILASTOT JA ARKITIETO YHTEISKUNNASSA
 []

[24]
File: images/Are-women-really-more-talkative.jpg Graphic file (type bmp)
<images/Are-women-really-more-talkative.jpg>

Underfull \hbox (badness 10000) in paragraph at lines 969--971

 []

[25]
Underfull \hbox (badness 10000) in paragraph at lines 989--992

 []


Overfull \hbox (49.88225pt too wide) has occurred while \output is active
\TU/lmr/m/n/10 26 \TU/lmr/m/sl/10 LUKU 2.  TIETEELLINEN TIETO, TILASTOT JA ARKITIETO YHTEISKUNNASSA
 []

[26]
Underfull \hbox (badness 10000) in paragraph at lines 1033--1035

 []


Underfull \hbox (badness 10000) in paragraph at lines 1033--1035

 []


Underfull \hbox (badness 10000) in paragraph at lines 1056--1057

 []


Underfull \hbox (badness 10000) in paragraph at lines 1071--1073

 []


Underfull \hbox (badness 10000) in paragraph at lines 1073--1075

 []

[27]
Underfull \hbox (badness 10000) in paragraph at lines 1124--1125

 []


Overfull \hbox (49.88225pt too wide) has occurred while \output is active
\TU/lmr/m/n/10 28 \TU/lmr/m/sl/10 LUKU 2.  TIETEELLINEN TIETO, TILASTOT JA ARKITIETO YHTEISKUNNASSA
 []

[28]
Overfull \hbox (30.19225pt too wide) has occurred while \output is active
\TU/lmr/m/sl/10 2.6.  LUVUN 2 YHTEENVETO, KESKEISI TERMEJ JA KOKONAISUUKSIA. \TU/lmr/m/n/10 29
 []

[29]
Overfull \hbox (49.88225pt too wide) has occurred while \output is active
\TU/lmr/m/n/10 30 \TU/lmr/m/sl/10 LUKU 2.  TIETEELLINEN TIETO, TILASTOT JA ARKITIETO YHTEISKUNNASSA
 []

[30

]
Luku 3.
[31] [32] [33]
Underfull \hbox (badness 10000) in paragraph at lines 1342--1343

 []


Underfull \hbox (badness 10000) in paragraph at lines 1346--1347

 []

[34]
Underfull \hbox (badness 10000) in paragraph at lines 1372--1374

 []


Underfull \hbox (badness 10000) in paragraph at lines 1374--1376

 []


Underfull \hbox (badness 10000) in paragraph at lines 1390--1391

 []

[35]
Underfull \hbox (badness 2261) in paragraph at lines 1416--1417
\TU/lmr/m/n/10 tietojenksittelyn rooli tilastollisissa analyyseiss on jatkuvasti
 []


Underfull \hbox (badness 10000) in paragraph at lines 1434--1436

 []


Underfull \hbox (badness 10000) in paragraph at lines 1434--1436

 []

[36]
Underfull \hbox (badness 10000) in paragraph at lines 1485--1487

 []


Underfull \hbox (badness 10000) in paragraph at lines 1485--1487

 []

[37]
File: images/data_science.jpg Graphic file (type bmp)
<images/data_science.jpg>
[38] [39]
Underfull \hbox (badness 10000) in paragraph at lines 1574--1576

 []


Underfull \hbox (badness 10000) in paragraph at lines 1574--1576

 []


Underfull \hbox (badness 10000) in paragraph at lines 1597--1599

 []


Underfull \hbox (badness 10000) in paragraph at lines 1597--1599

 []

[40]
Underfull \hbox (badness 2189) in paragraph at lines 1633--1634
[]\TU/lmr/m/n/10 Tst huolimatta datatieteilijiden kyttmt mallinnusme-
 []


Underfull \hbox (badness 10000) in paragraph at lines 1633--1634

 []

File: images/datarevolution.jpg Graphic file (type bmp)
<images/datarevolution.jpg>
[41] [42]
Underfull \hbox (badness 10000) in paragraph at lines 1712--1713

 []

[43]
Underfull \hbox (badness 1675) in paragraph at lines 1722--1724
\TU/lmr/m/n/10 kimuksen edetess ja sille tyypillist on hypoteesittomuus,
 []


Underfull \hbox (badness 3323) in paragraph at lines 1722--1724
\TU/lmr/m/n/10 eli tutkimus on tarkoitus aloittaa mahdollisimman vhin
 []


Underfull \hbox (badness 10000) in paragraph at lines 1735--1737

 []


Underfull \hbox (badness 10000) in paragraph at lines 1735--1737

 []

[44]
File: images/soveltava.jpg Graphic file (type bmp)
<images/soveltava.jpg>
[45]
Underfull \hbox (badness 10000) in paragraph at lines 1820--1822

 []


Underfull \hbox (badness 10000) in paragraph at lines 1820--1822

 []

[46]
File: images/perustuu.jpg Graphic file (type bmp)
<images/perustuu.jpg>

Underfull \hbox (badness 10000) in paragraph at lines 1868--1870

 []


Underfull \hbox (badness 10000) in paragraph at lines 1868--1870

 []


Overfull \hbox (0.20998pt too wide) in paragraph at lines 1879--1880
\TU/lmr/m/n/10 villa) kursseilla [][]TILM3553 Todennkisyyslaskennan peruskurssi p-
 []

File: images/teoreettinen.jpg Graphic file (type bmp)
<images/teoreettinen.jpg>
[47]
Underfull \hbox (badness 10000) in paragraph at lines 1911--1913

 []


Underfull \hbox (badness 10000) in paragraph at lines 1911--1913

 []

[48]
Underfull \hbox (badness 10000) in paragraph at lines 1946--1948

 []


Underfull \hbox (badness 10000) in paragraph at lines 1946--1948

 []

[49]
Underfull \hbox (badness 10000) in paragraph at lines 1995--1997

 []


Underfull \hbox (badness 10000) in paragraph at lines 1995--1997

 []


Underfull \hbox (badness 3514) in paragraph at lines 2015--2016
[]\TU/lmr/m/n/10 Tm kysymys on kuitenkin pitklti tieteenfilosofinen ja
 []


Underfull \hbox (badness 2486) in paragraph at lines 2015--2016
\TU/lmr/m/n/10 palautuu lopulta sovellusalaan sek tutkimusongelmaan ja
 []


Underfull \hbox (badness 10000) in paragraph at lines 2015--2016

 []

[50]
Underfull \hbox (badness 10000) in paragraph at lines 2042--2044

 []


Underfull \hbox (badness 10000) in paragraph at lines 2042--2044

 []

[51]
Underfull \hbox (badness 10000) in paragraph at lines 2137--2138

 []

[52] [53]
Underfull \hbox (badness 1436) in paragraph at lines 2185--2186
[]\TU/lmr/m/n/10 Sovellusaloja, joilla tilastotieteen soveltaminen on muodostunut
 []

[54]
Overfull \hbox (30.19225pt too wide) has occurred while \output is active
\TU/lmr/m/sl/10 3.7.  LUVUN 3 YHTEENVETO, KESKEISI TERMEJ JA KOKONAISUUKSIA. \TU/lmr/m/n/10 55
 []

[55] [56

]
Luku 4.
File: images/im_so_random.jpg Graphic file (type bmp)
<images/im_so_random.jpg>
[57] [58]
Overfull \hbox (26.56335pt too wide) has occurred while \output is active
\TU/lmr/m/sl/10 4.1.  SATUNNAISILMIT JA SATUNNAISMUUTTUJAT TILASTOTIETEESS \TU/lmr/m/n/10 59
 []

[59]
Underfull \hbox (badness 10000) in paragraph at lines 2390--2391

 []

[60] [61]
Underfull \hbox (badness 10000) in paragraph at lines 2496--2497

 []

[62]
Underfull \hbox (badness 10000) in paragraph at lines 2535--2536

 []


Underfull \hbox (badness 6944) in paragraph at lines 2544--2545
[]\TU/lmr/m/n/10 Bayesilainen tilastotiede ulottaa todennkisyysksityksen, eli tn-
 []

[63]
Underfull \hbox (badness 1917) in paragraph at lines 2590--2591
[]\TU/lmr/m/n/10 Vastaavasti esimerkiksi potilaan jonotusaika pivystyksess voi
 []


Underfull \hbox (badness 1057) in paragraph at lines 2598--2600
[]\TU/lmr/bx/n/10 Diskreetin satunnaismuuttujan \TU/lmr/m/n/10 jakauma voidaan usein esit-
 []


Underfull \hbox (badness 2698) in paragraph at lines 2598--2600
\TU/lmr/m/n/10 kyseisen satunnaismuuttujan todennkisyysjakauman, \TU/lmr/bx/n/10 pisteto-
 []

[64]
Underfull \hbox (badness 1783) in paragraph at lines 2614--2615
[]\TU/lmr/m/n/10 Kuviossa [][]4.2[][] on kuvattu Poisson-jakauman sovelluskohteita ja
 []

File: images/poisson.jpg Graphic file (type bmp)
<images/poisson.jpg>

Underfull \hbox (badness 10000) in paragraph at lines 2627--2628

 []

[65]
Underfull \hbox (badness 1783) in paragraph at lines 2677--2678
\TU/lmr/m/n/10 tunnuslukuihin, joista keskeisimpi ovat \TU/lmr/bx/n/10 odotusarvo\TU/lmr/m/n/10 , \TU/lmr/bx/n/10 varianssi \TU/lmr/m/n/10 ja
 []

[66]
Underfull \hbox (badness 10000) in paragraph at lines 2709--2710

 []

[67]
Underfull \hbox (badness 2285) in paragraph at lines 2756--2758
[]\TU/lmr/m/n/10 Jos satunnaismuuttuja $[]$ noudattaa \TU/lmr/bx/n/10 normaalijakaumaa \TU/lmr/m/n/10 odotusar-
 []

File: TD2023_files/figure-latex/normaalijakauma-1.pdf Graphic file (type pdf)
<use TD2023_files/figure-latex/normaalijakauma-1.pdf>
[68]
Underfull \hbox (badness 10000) in paragraph at lines 2817--2818

 []

[69]
Underfull \hbox (badness 10000) in paragraph at lines 2846--2847

 []


Underfull \hbox (badness 1735) in paragraph at lines 2856--2858
[]\TU/lmr/m/n/10 Olkoon $[][][] [] [] [][]$ riippumattomia satunnaismuuttujia ja $[][] \U/msb/m/n/10 s
 []

[70]
File: images/Miesten_lkm.jpg Graphic file (type bmp)
<images/Miesten_lkm.jpg>

Underfull \hbox (badness 2050) in paragraph at lines 2928--2929
[]\TU/lmr/m/n/10 Odotusarvo ja varianssi ovat Poisson-jakauman tapauksessa samat:
 []

[71]
Underfull \vbox (badness 2237) has occurred while \output is active []

[72]
Overfull \hbox (4.48442pt too wide) has occurred while \output is active
\TU/lmr/m/sl/10 4.6.  SATTUMAN ROOLI TIETEENTEOSSA: VALE-EMVALE-TILASTO? \TU/lmr/m/n/10 73
 []

[73] [74]
Overfull \hbox (30.19225pt too wide) has occurred while \output is active
\TU/lmr/m/sl/10 4.7.  LUVUN 4 YHTEENVETO, KESKEISI TERMEJ JA KOKONAISUUKSIA. \TU/lmr/m/n/10 75
 []

[75] [76

]
Luku 5.

Underfull \vbox (badness 10000) has occurred while \output is active []

[77]
File: images/populaatiostahavaintoon.jpg Graphic file (type bmp)
<images/populaatiostahavaintoon.jpg>

Underfull \hbox (badness 10000) in paragraph at lines 3118--3120

 []


Overfull \hbox (57.11224pt too wide) has occurred while \output is active
\TU/lmr/m/n/10 78 \TU/lmr/m/sl/10 LUKU 5.  TILASTOLLISET AINEISTOT, NIIDEN KERMINEN JA MITTAAMINEN
 []

[78]
Underfull \hbox (badness 10000) in paragraph at lines 3120--3122

 []


Underfull \hbox (badness 1097) in paragraph at lines 3122--3124
\TU/lmr/m/n/10 Kun aineistoa luokitellaan, aineiston luettavuus paranee mutta
 []


Underfull \hbox (badness 10000) in paragraph at lines 3122--3124

 []


Underfull \hbox (badness 3260) in paragraph at lines 3124--3125
[]\TU/lmr/m/n/10 Emme viel tll kurssilla ksittele tilastografiikan esittmis-
 []


Underfull \hbox (badness 1014) in paragraph at lines 3124--3125
\TU/lmr/m/n/10 t tarkemmin. Muun muassa tilastollisen pttelyn peruskurssi
 []


Underfull \hbox (badness 5077) in paragraph at lines 3124--3125
\TU/lmr/m/n/10 (TILM3555) vastaa nihin kysymyksiin tarkemmin. Graafiset
 []


Underfull \hbox (badness 5756) in paragraph at lines 3124--3125
\TU/lmr/m/n/10 havainnollistamista. Kuvat helpottavat aineiston tulkitsemista
 []


Underfull \hbox (badness 10000) in paragraph at lines 3128--3129

 []


Underfull \hbox (badness 2012) in paragraph at lines 3145--3147
[]\TU/lmr/m/n/10 Esimerkiksi, jos tutkimuksella halutaan tietoa suomalaisen
 []


Underfull \hbox (badness 4673) in paragraph at lines 3145--3147
\TU/lmr/m/n/10 aikuisvestn mielipiteist, havaintoyksikkin ovat aikuis-
 []

[79]
Underfull \hbox (badness 10000) in paragraph at lines 3160--3161

 []


Underfull \hbox (badness 10000) in paragraph at lines 3200--3201

 []


Overfull \hbox (57.11224pt too wide) has occurred while \output is active
\TU/lmr/m/n/10 80 \TU/lmr/m/sl/10 LUKU 5.  TILASTOLLISET AINEISTOT, NIIDEN KERMINEN JA MITTAAMINEN
 []

[80]
Underfull \hbox (badness 10000) in paragraph at lines 3218--3219

 []

[81]
Overfull \hbox (57.11224pt too wide) has occurred while \output is active
\TU/lmr/m/n/10 82 \TU/lmr/m/sl/10 LUKU 5.  TILASTOLLISET AINEISTOT, NIIDEN KERMINEN JA MITTAAMINEN
 []

[82] [83]
File: images/otanta.jpg Graphic file (type bmp)
<images/otanta.jpg>
File: images/tuloerot.jpg Graphic file (type bmp)
<images/tuloerot.jpg>

Underfull \vbox (badness 1043) has occurred while \output is active []


Overfull \hbox (57.11224pt too wide) has occurred while \output is active
\TU/lmr/m/n/10 84 \TU/lmr/m/sl/10 LUKU 5.  TILASTOLLISET AINEISTOT, NIIDEN KERMINEN JA MITTAAMINEN
 []

[84] [85]
File: images/luottamus.jpg Graphic file (type bmp)
<images/luottamus.jpg>

Overfull \hbox (57.11224pt too wide) has occurred while \output is active
\TU/lmr/m/n/10 86 \TU/lmr/m/sl/10 LUKU 5.  TILASTOLLISET AINEISTOT, NIIDEN KERMINEN JA MITTAAMINEN
 []

[86] [87]
Underfull \hbox (badness 10000) in paragraph at lines 3584--3585

 []


Underfull \hbox (badness 10000) in paragraph at lines 3603--3604
[]\TU/lmr/bx/n/10 Laatueroasteikko/luokitteluasteikko \TU/lmr/m/n/10 (nominaaliasteikko):
 []


Overfull \hbox (57.11224pt too wide) has occurred while \output is active
\TU/lmr/m/n/10 88 \TU/lmr/m/sl/10 LUKU 5.  TILASTOLLISET AINEISTOT, NIIDEN KERMINEN JA MITTAAMINEN
 []

[88]
Underfull \hbox (badness 1394) in paragraph at lines 3632--3634
\TU/lmr/m/n/10 kien tai havaintoarvojen ero. Esimerkiksi: Lmptilan mit-
 []


Underfull \hbox (badness 6775) in paragraph at lines 3632--3634
\TU/lmr/m/n/10 taaminen esim. celcius-asteina. Pystymme numeroarvoina
 []


Underfull \hbox (badness 2302) in paragraph at lines 3632--3634
\TU/lmr/m/n/10 ilmoittamaan onko tnn lmpimmpi, yht lmmin vai
 []


Underfull \hbox (badness 3568) in paragraph at lines 3636--3638
\TU/lmr/m/n/10 valittavissa. Samoin voidaan valita kytettv mittayksik-
 []

[89]
Overfull \hbox (57.11224pt too wide) has occurred while \output is active
\TU/lmr/m/n/10 90 \TU/lmr/m/sl/10 LUKU 5.  TILASTOLLISET AINEISTOT, NIIDEN KERMINEN JA MITTAAMINEN
 []

[90] [91]
Overfull \hbox (57.11224pt too wide) has occurred while \output is active
\TU/lmr/m/n/10 92 \TU/lmr/m/sl/10 LUKU 5.  TILASTOLLISET AINEISTOT, NIIDEN KERMINEN JA MITTAAMINEN
 []

[92] [93]
Overfull \hbox (57.11224pt too wide) has occurred while \output is active
\TU/lmr/m/n/10 94 \TU/lmr/m/sl/10 LUKU 5.  TILASTOLLISET AINEISTOT, NIIDEN KERMINEN JA MITTAAMINEN
 []

[94] [95]

Package amsmath Warning: Foreign command \atopwithdelims;
(amsmath)                \frac or \genfrac should be used instead
(amsmath)                 on input line 3973.


Overfull \hbox (57.11224pt too wide) has occurred while \output is active
\TU/lmr/m/n/10 96 \TU/lmr/m/sl/10 LUKU 5.  TILASTOLLISET AINEISTOT, NIIDEN KERMINEN JA MITTAAMINEN
 []

[96] [97]
Underfull \vbox (badness 1917) has occurred while \output is active []


Overfull \hbox (57.11224pt too wide) has occurred while \output is active
\TU/lmr/m/n/10 98 \TU/lmr/m/sl/10 LUKU 5.  TILASTOLLISET AINEISTOT, NIIDEN KERMINEN JA MITTAAMINEN
 []

[98] [99]
Overfull \hbox (55.04pt too wide) in paragraph at lines 4132--4133
[]\TU/lmr/m/n/10 Ryvsotannan voi suorittaa \TU/lmr/bx/n/10 yksi\TU/lmr/m/n/10 - tai \TU/lmr/bx/n/10 kaksivaiheisena \TU/lmr/m/n/10 (\TU/lmr/bx/n/10 yksiasteinen/kaksiasteinen
 []


Underfull \hbox (badness 10000) in paragraph at lines 4142--4144

 []


Overfull \hbox (62.11224pt too wide) has occurred while \output is active
\TU/lmr/m/n/10 100 \TU/lmr/m/sl/10 LUKU 5.  TILASTOLLISET AINEISTOT, NIIDEN KERMINEN JA MITTAAMINEN
 []

[100] [101]
Underfull \hbox (badness 10000) in paragraph at lines 4236--4238

 []


Underfull \hbox (badness 10000) in paragraph at lines 4236--4238

 []


Underfull \vbox (badness 10000) has occurred while \output is active []


Overfull \hbox (62.11224pt too wide) has occurred while \output is active
\TU/lmr/m/n/10 102 \TU/lmr/m/sl/10 LUKU 5.  TILASTOLLISET AINEISTOT, NIIDEN KERMINEN JA MITTAAMINEN
 []

[102] [103]
Overfull \hbox (62.11224pt too wide) has occurred while \output is active
\TU/lmr/m/n/10 104 \TU/lmr/m/sl/10 LUKU 5.  TILASTOLLISET AINEISTOT, NIIDEN KERMINEN JA MITTAAMINEN
 []

[104]
Luku 6.

Underfull \hbox (badness 2253) in paragraph at lines 4346--4347
[]\TU/lmr/m/n/10 Luvusta 4 muistamme, ett tilastollisen tutkimuksen kohteena on
 []


Underfull \hbox (badness 3679) in paragraph at lines 4346--4347
\TU/lmr/m/n/10 todennkisyys- eli tiheysfunktion (tai pistetodennkisyysfunktion)
 []


Underfull \hbox (badness 2875) in paragraph at lines 4351--4353
[]\TU/lmr/m/n/10 Merkitn satunnaismuuttujaa isolla kirjaimella, $[]$, ja satun-
 []

[105

]
Underfull \hbox (badness 10000) in paragraph at lines 4368--4369

 []


Overfull \hbox (88.38228pt too wide) has occurred while \output is active
\TU/lmr/m/n/10 106 \TU/lmr/m/sl/10 LUKU 6.  OTOKSET JA OTOSJAKAUMAT: TILASTOLLISEN PTTELYN NKKULMA
 []

[106]
Underfull \hbox (badness 1418) in paragraph at lines 4400--4401
\TU/lmr/m/n/10 ennustamisen ja viime vuosikymmenin yleistyneen tilastollisen
 []


Overfull \hbox (7.11334pt too wide) has occurred while \output is active
\TU/lmr/m/sl/10 6.1.  SATUNNAISOTOS, YHTEISJAKAUMA JA TILASTOLLINEN MALLI \TU/lmr/m/n/10 107
 []

[107]
Overfull \hbox (88.38228pt too wide) has occurred while \output is active
\TU/lmr/m/n/10 108 \TU/lmr/m/sl/10 LUKU 6.  OTOKSET JA OTOSJAKAUMAT: TILASTOLLISEN PTTELYN NKKULMA
 []

[108]
Underfull \hbox (badness 10000) in paragraph at lines 4526--4527

 []

[109]
File: images/unbiased.jpg Graphic file (type bmp)
<images/unbiased.jpg>

Underfull \vbox (badness 10000) has occurred while \output is active []


Overfull \hbox (88.38228pt too wide) has occurred while \output is active
\TU/lmr/m/n/10 110 \TU/lmr/m/sl/10 LUKU 6.  OTOKSET JA OTOSJAKAUMAT: TILASTOLLISEN PTTELYN NKKULMA
 []

[110]
Underfull \hbox (badness 7081) in paragraph at lines 4592--4593
[]\TU/lmr/m/n/10 Estimaattoreiden kehittminen erilaisten tilastollisten mallien
 []

[111]
Overfull \hbox (88.38228pt too wide) has occurred while \output is active
\TU/lmr/m/n/10 112 \TU/lmr/m/sl/10 LUKU 6.  OTOKSET JA OTOSJAKAUMAT: TILASTOLLISEN PTTELYN NKKULMA
 []

[112]
Underfull \hbox (badness 10000) in paragraph at lines 4731--4732

 []

[113]
Overfull \hbox (88.38228pt too wide) has occurred while \output is active
\TU/lmr/m/n/10 114 \TU/lmr/m/sl/10 LUKU 6.  OTOKSET JA OTOSJAKAUMAT: TILASTOLLISEN PTTELYN NKKULMA
 []

[114] [115]
Underfull \hbox (badness 10000) in paragraph at lines 4859--4860
[]\TU/lmr/m/n/10 Suhteellisen frekvenssin otosjakauman perusteella kyll-
 []


Overfull \hbox (88.38228pt too wide) has occurred while \output is active
\TU/lmr/m/n/10 116 \TU/lmr/m/sl/10 LUKU 6.  OTOKSET JA OTOSJAKAUMAT: TILASTOLLISEN PTTELYN NKKULMA
 []

[116] [117]
Overfull \hbox (88.38228pt too wide) has occurred while \output is active
\TU/lmr/m/n/10 118 \TU/lmr/m/sl/10 LUKU 6.  OTOKSET JA OTOSJAKAUMAT: TILASTOLLISEN PTTELYN NKKULMA
 []

[118] [119]
File: images/gaussian-distribution.jpg Graphic file (type bmp)
<images/gaussian-distribution.jpg>

Overfull \hbox (56.51125pt too wide) in paragraph at lines 5081--5082
 [][] 
 []


Underfull \hbox (badness 10000) in paragraph at lines 5088--5089

 []


Overfull \hbox (88.38228pt too wide) has occurred while \output is active
\TU/lmr/m/n/10 120 \TU/lmr/m/sl/10 LUKU 6.  OTOKSET JA OTOSJAKAUMAT: TILASTOLLISEN PTTELYN NKKULMA
 []

[120] [121]
File: images/NjaT-jakauma.jpg Graphic file (type bmp)
<images/NjaT-jakauma.jpg>

Underfull \hbox (badness 10000) in paragraph at lines 5123--5124

 []


Overfull \hbox (88.38228pt too wide) has occurred while \output is active
\TU/lmr/m/n/10 122 \TU/lmr/m/sl/10 LUKU 6.  OTOKSET JA OTOSJAKAUMAT: TILASTOLLISEN PTTELYN NKKULMA
 []

[122]
Underfull \hbox (badness 1436) in paragraph at lines 5140--5144
[]\TU/lmr/m/n/10 Bernoulli-jakauman (vrt. binomijakauma) ominaisuuksien perusteella
 []

[123]
Underfull \hbox (badness 10000) in paragraph at lines 5219--5220

 []


Overfull \hbox (88.38228pt too wide) has occurred while \output is active
\TU/lmr/m/n/10 124 \TU/lmr/m/sl/10 LUKU 6.  OTOKSET JA OTOSJAKAUMAT: TILASTOLLISEN PTTELYN NKKULMA
 []

[124]
Underfull \hbox (badness 10000) in paragraph at lines 5301--5302

 []

[125]
Overfull \hbox (88.38228pt too wide) has occurred while \output is active
\TU/lmr/m/n/10 126 \TU/lmr/m/sl/10 LUKU 6.  OTOKSET JA OTOSJAKAUMAT: TILASTOLLISEN PTTELYN NKKULMA
 []

[126]
Underfull \hbox (badness 10000) in paragraph at lines 5395--5396

 []

[127]
Underfull \hbox (badness 10000) in paragraph at lines 5415--5416

 []


Underfull \hbox (badness 10000) in paragraph at lines 5439--5441

 []


Underfull \hbox (badness 10000) in paragraph at lines 5439--5441

 []


Overfull \hbox (88.38228pt too wide) has occurred while \output is active
\TU/lmr/m/n/10 128 \TU/lmr/m/sl/10 LUKU 6.  OTOKSET JA OTOSJAKAUMAT: TILASTOLLISEN PTTELYN NKKULMA
 []

[128]
Overfull \hbox (35.19225pt too wide) has occurred while \output is active
\TU/lmr/m/sl/10 6.8.  LUVUN 6 YHTEENVETO, KESKEISI TERMEJ JA KOKONAISUUKSIA. \TU/lmr/m/n/10 129
 []

[129]
Overfull \hbox (88.38228pt too wide) has occurred while \output is active
\TU/lmr/m/n/10 130 \TU/lmr/m/sl/10 LUKU 6.  OTOKSET JA OTOSJAKAUMAT: TILASTOLLISEN PTTELYN NKKULMA
 []

[130]
Luku 7.
[131

]
Underfull \hbox (badness 10000) in paragraph at lines 5582--5584

 []


Underfull \hbox (badness 10000) in paragraph at lines 5584--5586

 []


Underfull \hbox (badness 10000) in paragraph at lines 5586--5588

 []


Underfull \hbox (badness 10000) in paragraph at lines 5588--5590

 []


Underfull \hbox (badness 10000) in paragraph at lines 5590--5592

 []


Underfull \hbox (badness 10000) in paragraph at lines 5597--5598

 []

[132]
Underfull \hbox (badness 1237) in paragraph at lines 5646--5646
[]\TU/lmr/bx/n/14.4 Kahden muuttujan havaintoaineiston ku-
 []


Underfull \hbox (badness 3189) in paragraph at lines 5650--5652
[]\TU/lmr/m/n/10 Kuten yhden muuttujan havaintoaineistojen tapauksessa, lhtkoh-
 []

[133]
Underfull \hbox (badness 10000) in paragraph at lines 5673--5674

 []

[134]
File: images/Isien-poikien-pituudet-Mellin.jpg Graphic file (type bmp)
<images/Isien-poikien-pituudet-Mellin.jpg>

Underfull \vbox (badness 10000) has occurred while \output is active []

[135]
Underfull \hbox (badness 10000) in paragraph at lines 5764--5765

 []


Underfull \hbox (badness 1259) in paragraph at lines 5778--5780
[]\TU/lmr/m/n/10 Jlleen vastaavalla tavalla voidaan mritell x-havaintoarvojen
 []

[136]
Underfull \hbox (badness 1259) in paragraph at lines 5792--5794
[]\TU/lmr/m/n/10 Jlleen vastaavalla tavalla voidaan mritell x-havaintoarvojen
 []


Underfull \hbox (badness 10000) in paragraph at lines 5798--5799

 []


Underfull \hbox (badness 10000) in paragraph at lines 5837--5838

 []

[137]
Underfull \hbox (badness 3260) in paragraph at lines 5882--5884
\TU/lmr/m/n/10 jossa $[][]$ on $[]$- ja $[]$-havaintoarvojen otoskovarianssi, $[][]$ on $[]$-
 []

[138] [139]
File: images/Pearson-korr-Mellin.jpg Graphic file (type bmp)
<images/Pearson-korr-Mellin.jpg>
[140]
File: images/causality2.jpg Graphic file (type bmp)
<images/causality2.jpg>
File: images/simpson.jpg Graphic file (type bmp)
<images/simpson.jpg>
[141] [142]
Overfull \hbox (35.19225pt too wide) has occurred while \output is active
\TU/lmr/m/sl/10 7.5.  LUVUN 7 YHTEENVETO, KESKEISI TERMEJ JA KOKONAISUUKSIA. \TU/lmr/m/n/10 143
 []

[143] [144

]
Luku 8.
[145]
Underfull \hbox (badness 6575) in paragraph at lines 6161--6162
[]\TU/lmr/m/n/10 Eplineaariset regressiomallit muodostavat oman tilastollisten
 []

[146] [147]
Underfull \hbox (badness 4391) in paragraph at lines 6317--6319
[]\TU/lmr/m/n/10 Virhetermeill on vakiovarianssi eli ne ovat homoskedastisia:
 []


Underfull \hbox (badness 1320) in paragraph at lines 6330--6331
\TU/lmr/m/n/10 tss vaiheessa), ett selittvn muuttujan arvojen satunnaisuus ei
 []

[148]
Underfull \hbox (badness 10000) in paragraph at lines 6341--6342

 []

[149]
Underfull \hbox (badness 10000) in paragraph at lines 6412--6413

 []

[150]
Underfull \hbox (badness 10000) in paragraph at lines 6472--6473

 []


Underfull \hbox (badness 10000) in paragraph at lines 6514--6515

 []

[151]
Underfull \hbox (badness 10000) in paragraph at lines 6534--6535

 []

File: images/Sovite-isien-poikien-pituudet-Mellin.jpg Graphic file (type bmp)
<images/Sovite-isien-poikien-pituudet-Mellin.jpg>

Underfull \hbox (badness 10000) in paragraph at lines 6558--6559

 []


Underfull \vbox (badness 6078) has occurred while \output is active []

[152] [153] [154]
Overfull \hbox (35.19225pt too wide) has occurred while \output is active
\TU/lmr/m/sl/10 8.4.  LUVUN 8 YHTEENVETO, KESKEISI TERMEJ JA KOKONAISUUKSIA. \TU/lmr/m/n/10 155
 []

[155] [156

]
Luku 9.
[157]
Overfull \hbox (10.86224pt too wide) has occurred while \output is active
\TU/lmr/m/n/10 158 \TU/lmr/m/sl/10 LUKU 9.  TILASTOTIETEEN ROOLI UUDEN TIEDON TUOTTAMISESSA
 []

[158]
Underfull \hbox (badness 10000) in paragraph at lines 6715--6716

 []

[159]
Overfull \hbox (10.86224pt too wide) has occurred while \output is active
\TU/lmr/m/n/10 160 \TU/lmr/m/sl/10 LUKU 9.  TILASTOTIETEEN ROOLI UUDEN TIEDON TUOTTAMISESSA
 []

[160] [161]
Underfull \hbox (badness 10000) in paragraph at lines 6900--6901

 []


Overfull \hbox (10.86224pt too wide) has occurred while \output is active
\TU/lmr/m/n/10 162 \TU/lmr/m/sl/10 LUKU 9.  TILASTOTIETEEN ROOLI UUDEN TIEDON TUOTTAMISESSA
 []

[162] [163]
Underfull \hbox (badness 10000) in paragraph at lines 6991--6992

 []


Underfull \hbox (badness 10000) in paragraph at lines 6999--7000

 []


Underfull \hbox (badness 10000) in paragraph at lines 7008--7010

 []


Underfull \hbox (badness 10000) in paragraph at lines 7010--7012

 []


Underfull \hbox (badness 10000) in paragraph at lines 7017--7018

 []


Underfull \hbox (badness 2608) in paragraph at lines 7020--7022
\TU/lmr/m/n/10 mieless: Jos arvontaa toistettaisiin, kokeesta saataisiin
 []


Underfull \hbox (badness 10000) in paragraph at lines 7020--7022

 []


Underfull \hbox (badness 10000) in paragraph at lines 7027--7029

 []


Underfull \hbox (badness 10000) in paragraph at lines 7029--7030

 []


Underfull \hbox (badness 6559) in paragraph at lines 7037--7039
\TU/lmr/m/n/10 satunnaisotantaa, kokeen tuloksiin sisltyvlle ep-
 []


Underfull \hbox (badness 2932) in paragraph at lines 7037--7039
\TU/lmr/m/n/10 varmuudelle ja satunnaisuudelle voidaan muodostaa
 []


Underfull \hbox (badness 10000) in paragraph at lines 7037--7039

 []


Underfull \hbox (badness 10000) in paragraph at lines 7039--7041

 []


Underfull \hbox (badness 10000) in paragraph at lines 7041--7042
[]\TU/lmr/m/n/10 Kokeen suunnittelussa, toteutuksessa ja tulosten
 []


Underfull \hbox (badness 1831) in paragraph at lines 7041--7042
\TU/lmr/m/n/10 analysoinnissa sovelletaan mm. seuraavia tilastollisia
 []


Underfull \hbox (badness 10000) in paragraph at lines 7041--7042

 []


Underfull \vbox (badness 10000) has occurred while \output is active []


Overfull \hbox (10.86224pt too wide) has occurred while \output is active
\TU/lmr/m/n/10 164 \TU/lmr/m/sl/10 LUKU 9.  TILASTOTIETEEN ROOLI UUDEN TIEDON TUOTTAMISESSA
 []

[164]
Overfull \hbox (35.19225pt too wide) has occurred while \output is active
\TU/lmr/m/sl/10 9.3.  LUVUN 9 YHTEENVETO, KESKEISI TERMEJ JA KOKONAISUUKSIA. \TU/lmr/m/n/10 165
 []

[165]
Overfull \hbox (10.86224pt too wide) has occurred while \output is active
\TU/lmr/m/n/10 166 \TU/lmr/m/sl/10 LUKU 9.  TILASTOTIETEEN ROOLI UUDEN TIEDON TUOTTAMISESSA
 []

[166

]
Luku 10.
File: images/tutkimusasetelma.jpg Graphic file (type bmp)
<images/tutkimusasetelma.jpg>
[167] [168]
Underfull \hbox (badness 10000) in paragraph at lines 7128--7129

 []


Underfull \hbox (badness 2617) in paragraph at lines 7151--7153
[]\TU/lmr/bx/n/10 Korrelaatiotutkimuksissa \TU/lmr/m/n/10 pyritn lytmn ilmiiden vli-
 []


Underfull \hbox (badness 3281) in paragraph at lines 7151--7153
\TU/lmr/m/n/10 si yhteyksi tutkimalla kohdejoukkoa kokonaisuutena, jolloin
 []

[169]
File: images/co2.jpg Graphic file (type bmp)
<images/co2.jpg>
[170] [171]
Underfull \hbox (badness 2237) in paragraph at lines 7289--7291
[]\TU/lmr/m/n/10 Tllin mahdolliset erot parantuneiden suhteellisissa
 []

[172]
Underfull \hbox (badness 10000) in paragraph at lines 7324--7325

 []

[173]
Underfull \hbox (badness 1436) in paragraph at lines 7378--7379
[]\TU/lmr/bx/n/10 Esimerkki: raskauden keskeytyksen ja rintasyvn vlinen
 []


Underfull \hbox (badness 10000) in paragraph at lines 7394--7395

 []


Underfull \hbox (badness 1009) in paragraph at lines 7416--7417
\TU/lmr/bx/n/10 strategiaan \TU/lmr/m/n/10 sen mukaan, miten niiss ryhmitelln tilastoyksikit:
 []

[174] [175]
File: images/cross.jpg Graphic file (type bmp)
<images/cross.jpg>

Underfull \hbox (badness 10000) in paragraph at lines 7481--7482

 []

[176]
File: images/long.jpg Graphic file (type bmp)
<images/long.jpg>
[177]
Underfull \hbox (badness 10000) in paragraph at lines 7561--7562

 []

[178]
File: images/hiroshima.jpg Graphic file (type bmp)
<images/hiroshima.jpg>

Underfull \hbox (badness 10000) in paragraph at lines 7620--7621

 []

[179] [180] [181]
File: images/tali.jpg Graphic file (type bmp)
<images/tali.jpg>

Underfull \hbox (badness 10000) in paragraph at lines 7685--7686

 []

File: images/block.jpg Graphic file (type bmp)
<images/block.jpg>
[182] [183] [184] [185]
Underfull \hbox (badness 1292) in paragraph at lines 7871--7873
[]\TU/lmr/m/n/10 Tieteellinen tutkimustarkoitus luokitellaan kuitenkin poikkeusta-
 []

[186]
File: images/diab.jpg Graphic file (type bmp)
<images/diab.jpg>

Underfull \vbox (badness 10000) has occurred while \output is active []

[187]
File: images/rekist.jpg Graphic file (type bmp)
<images/rekist.jpg>
[188] [189]
Underfull \hbox (badness 1184) in paragraph at lines 8066--8067
\TU/lmr/m/n/10 kuussa eniten elintarvikkeiden, polttonesteiden ja viihde-
 []

[190]
File: images/kuluttaja.jpg Graphic file (type bmp)
<images/kuluttaja.jpg>
[191]
File: images/time.jpg Graphic file (type bmp)
<images/time.jpg>

Underfull \hbox (badness 10000) in paragraph at lines 8126--8127

 []

[192]
Underfull \hbox (badness 2635) in paragraph at lines 8149--8150
\TU/lmr/m/n/10 kuukausittain tai vuosittain, ja yksittisen ajanhetken
 []

[193] [194]
Luku 11.

Underfull \hbox (badness 2119) in paragraph at lines 8258--8259
\TU/lmr/m/n/10 timotautikuolleisuuteen tai ylipainon vaikutus leikkauksen jlkeisiin
 []

[195

] [196]
Underfull \hbox (badness 2582) in paragraph at lines 8313--8315
\TU/lmr/m/n/10 tnnss useinmiten mm. vastemuuttujan luonteen perusteella
 []


Underfull \hbox (badness 10000) in paragraph at lines 8325--8326

 []

[197] [198]
Underfull \hbox (badness 10000) in paragraph at lines 8371--8372

 []

[199] [200]
Luku 12.
[201

]
Underfull \hbox (badness 10000) in paragraph at lines 8469--8470

 []

No file TD2023.bbl.
[202] (./TD2023.aux)
 ***********
LaTeX2e <2023-11-01> patch level 1
L3 programming layer <2024-02-20>
 ***********
Package rerunfilecheck Info: File `TD2023.out' has not changed.
(rerunfilecheck)             Checksum: 24E267E589FAA4C5FCB968C97AB101EF;18370.
 ) 
Here is how much of TeX's memory you used:
 42564 strings out of 476780
 864549 string characters out of 5801064
 1944842 words of memory out of 5000000
 63794 multiletter control sequences out of 15000+600000
 590869 words of font info for 128 fonts, out of 8000000 for 9000
 14 hyphenation exceptions out of 8191
 91i,12n,121p,1061b,1024s stack positions out of 10000i,1000n,20000p,200000b,200000s

Output written on TD2023.pdf (202 pages).
